<?xml version="1.0" encoding="UTF-8" standalone="yes"?><!DOCTYPE report PUBLIC "-//JACOCO//DTD Report 1.0//EN" "report.dtd"><report name="JaCoCoverage analysis (powered by JaCoCo from EclEmma)"><sessioninfo id="TABLET-0MC63JQM-85fe6af5" start="1571866282382" dump="1571866283350"/><sessioninfo id="TABLET-0MC63JQM-b0298b1e" start="1571866284047" dump="1571866285039"/><sessioninfo id="TABLET-0MC63JQM-be69e1cf" start="1571866285489" dump="1571866286900"/><sessioninfo id="TABLET-0MC63JQM-4a40de4b" start="1571866287402" dump="1571866288713"/><sessioninfo id="TABLET-0MC63JQM-247ad360" start="1571866289449" dump="1571866291412"/><sessioninfo id="TABLET-0MC63JQM-d813d14e" start="1571866293752" dump="1571866296342"/><sessioninfo id="TABLET-0MC63JQM-bf3816e9" start="1571866297805" dump="1571866299511"/><sessioninfo id="TABLET-0MC63JQM-e14e8fd3" start="1571866300176" dump="1571866301578"/><sessioninfo id="TABLET-0MC63JQM-ce336502" start="1571866302219" dump="1571866303873"/><package name="dominio"><class name="dominio/Sistema"><method name="&lt;init&gt;" desc="()V" line="20"><counter type="INSTRUCTION" missed="0" covered="48"/><counter type="LINE" missed="0" covered="11"/><counter type="COMPLEXITY" missed="0" covered="1"/><counter type="METHOD" missed="0" covered="1"/></method><method name="listaActividadesPorFecha" desc="(III)Ljava/util/ArrayList;" line="33"><counter type="INSTRUCTION" missed="0" covered="54"/><counter type="BRANCH" missed="0" covered="18"/><counter type="LINE" missed="0" covered="7"/><counter type="COMPLEXITY" missed="0" covered="10"/><counter type="METHOD" missed="0" covered="1"/></method><method name="getVeterinarias" desc="()Ljava/util/ArrayList;" line="46"><counter type="INSTRUCTION" missed="0" covered="3"/><counter type="LINE" missed="0" covered="1"/><counter type="COMPLEXITY" missed="0" covered="1"/><counter type="METHOD" missed="0" covered="1"/></method><method name="setVeterinarias" desc="(Ljava/util/ArrayList;)V" line="50"><counter type="INSTRUCTION" missed="0" covered="4"/><counter type="LINE" missed="0" covered="2"/><counter type="COMPLEXITY" missed="0" covered="1"/><counter type="METHOD" missed="0" covered="1"/></method><method name="setUsuarios" desc="(Ljava/util/ArrayList;)V" line="54"><counter type="INSTRUCTION" missed="0" covered="4"/><counter type="LINE" missed="0" covered="2"/><counter type="COMPLEXITY" missed="0" covered="1"/><counter type="METHOD" missed="0" covered="1"/></method><method name="getUsuarios" desc="()Ljava/util/ArrayList;" line="58"><counter type="INSTRUCTION" missed="0" covered="3"/><counter type="LINE" missed="0" covered="1"/><counter type="COMPLEXITY" missed="0" covered="1"/><counter type="METHOD" missed="0" covered="1"/></method><method name="setPerros" desc="(Ljava/util/ArrayList;)V" line="62"><counter type="INSTRUCTION" missed="0" covered="4"/><counter type="LINE" missed="0" covered="2"/><counter type="COMPLEXITY" missed="0" covered="1"/><counter type="METHOD" missed="0" covered="1"/></method><method name="getPerros" desc="()Ljava/util/ArrayList;" line="66"><counter type="INSTRUCTION" missed="0" covered="3"/><counter type="LINE" missed="0" covered="1"/><counter type="COMPLEXITY" missed="0" covered="1"/><counter type="METHOD" missed="0" covered="1"/></method><method name="getActividades" desc="()Ljava/util/ArrayList;" line="70"><counter type="INSTRUCTION" missed="0" covered="3"/><counter type="LINE" missed="0" covered="1"/><counter type="COMPLEXITY" missed="0" covered="1"/><counter type="METHOD" missed="0" covered="1"/></method><method name="AnadirPerro" desc="(Ldominio/Perro;)V" line="74"><counter type="INSTRUCTION" missed="0" covered="6"/><counter type="LINE" missed="0" covered="2"/><counter type="COMPLEXITY" missed="0" covered="1"/><counter type="METHOD" missed="0" covered="1"/></method><method name="EliminarPerro" desc="(Ldominio/Perro;)V" line="78"><counter type="INSTRUCTION" missed="0" covered="15"/><counter type="BRANCH" missed="0" covered="2"/><counter type="LINE" missed="0" covered="4"/><counter type="COMPLEXITY" missed="0" covered="2"/><counter type="METHOD" missed="0" covered="1"/></method><method name="AnadirUsuario" desc="(Ldominio/Usuario;)V" line="86"><counter type="INSTRUCTION" missed="0" covered="6"/><counter type="LINE" missed="0" covered="2"/><counter type="COMPLEXITY" missed="0" covered="1"/><counter type="METHOD" missed="0" covered="1"/></method><method name="EliminarUsuario" desc="(Ldominio/Usuario;)V" line="90"><counter type="INSTRUCTION" missed="0" covered="15"/><counter type="BRANCH" missed="0" covered="2"/><counter type="LINE" missed="0" covered="4"/><counter type="COMPLEXITY" missed="0" covered="2"/><counter type="METHOD" missed="0" covered="1"/></method><method name="AnadirActividad" desc="(Ldominio/Actividad;)V" line="98"><counter type="INSTRUCTION" missed="0" covered="10"/><counter type="LINE" missed="0" covered="3"/><counter type="COMPLEXITY" missed="0" covered="1"/><counter type="METHOD" missed="0" covered="1"/></method><method name="EliminarActividad" desc="(Ldominio/Actividad;)V" line="103"><counter type="INSTRUCTION" missed="0" covered="15"/><counter type="BRANCH" missed="0" covered="2"/><counter type="LINE" missed="0" covered="4"/><counter type="COMPLEXITY" missed="0" covered="2"/><counter type="METHOD" missed="0" covered="1"/></method><method name="AnadirFecha" desc="(Ldominio/Fecha;)V" line="111"><counter type="INSTRUCTION" missed="0" covered="6"/><counter type="LINE" missed="0" covered="2"/><counter type="COMPLEXITY" missed="0" covered="1"/><counter type="METHOD" missed="0" covered="1"/></method><method name="EliminarFecha" desc="(Ldominio/Fecha;)V" line="115"><counter type="INSTRUCTION" missed="0" covered="15"/><counter type="BRANCH" missed="0" covered="2"/><counter type="LINE" missed="0" covered="4"/><counter type="COMPLEXITY" missed="0" covered="2"/><counter type="METHOD" missed="0" covered="1"/></method><method name="buscarUsuarioPorNombre" desc="(Ljava/lang/String;)Ldominio/Usuario;" line="123"><counter type="INSTRUCTION" missed="0" covered="26"/><counter type="BRANCH" missed="0" covered="4"/><counter type="LINE" missed="0" covered="4"/><counter type="COMPLEXITY" missed="0" covered="3"/><counter type="METHOD" missed="0" covered="1"/></method><method name="buscarPerroPorNombre" desc="(Ljava/lang/String;)Ldominio/Perro;" line="132"><counter type="INSTRUCTION" missed="0" covered="26"/><counter type="BRANCH" missed="0" covered="4"/><counter type="LINE" missed="0" covered="4"/><counter type="COMPLEXITY" missed="0" covered="3"/><counter type="METHOD" missed="0" covered="1"/></method><method name="buscarVetPorNombre" desc="(Ljava/lang/String;)Ldominio/Veterinaria;" line="141"><counter type="INSTRUCTION" missed="0" covered="26"/><counter type="BRANCH" missed="0" covered="4"/><counter type="LINE" missed="0" covered="4"/><counter type="COMPLEXITY" missed="0" covered="3"/><counter type="METHOD" missed="0" covered="1"/></method><method name="buscarPaseoPorNombre" desc="(Ljava/lang/String;)Ldominio/Paseo;" line="150"><counter type="INSTRUCTION" missed="0" covered="26"/><counter type="BRANCH" missed="0" covered="4"/><counter type="LINE" missed="0" covered="4"/><counter type="COMPLEXITY" missed="0" covered="3"/><counter type="METHOD" missed="0" covered="1"/></method><method name="buscarVisitaPorNombre" desc="(Ljava/lang/String;)Ldominio/VisitaVeterinaria;" line="159"><counter type="INSTRUCTION" missed="0" covered="26"/><counter type="BRANCH" missed="0" covered="4"/><counter type="LINE" missed="0" covered="4"/><counter type="COMPLEXITY" missed="0" covered="3"/><counter type="METHOD" missed="0" covered="1"/></method><method name="buscarActCualquieraPorNombre" desc="(Ljava/lang/String;)Ldominio/ActividadCualquiera;" line="168"><counter type="INSTRUCTION" missed="0" covered="26"/><counter type="BRANCH" missed="0" covered="4"/><counter type="LINE" missed="0" covered="4"/><counter type="COMPLEXITY" missed="0" covered="3"/><counter type="METHOD" missed="0" covered="1"/></method><method name="buscarAlimentacionPorNombre" desc="(Ljava/lang/String;)Ldominio/Alimentacion;" line="177"><counter type="INSTRUCTION" missed="0" covered="26"/><counter type="BRANCH" missed="0" covered="4"/><counter type="LINE" missed="0" covered="4"/><counter type="COMPLEXITY" missed="0" covered="3"/><counter type="METHOD" missed="0" covered="1"/></method><method name="getActsCualquieras" desc="()Ljava/util/ArrayList;" line="186"><counter type="INSTRUCTION" missed="0" covered="3"/><counter type="LINE" missed="0" covered="1"/><counter type="COMPLEXITY" missed="0" covered="1"/><counter type="METHOD" missed="0" covered="1"/></method><method name="setActsCualquieras" desc="(Ljava/util/ArrayList;)V" line="190"><counter type="INSTRUCTION" missed="0" covered="4"/><counter type="LINE" missed="0" covered="2"/><counter type="COMPLEXITY" missed="0" covered="1"/><counter type="METHOD" missed="0" covered="1"/></method><method name="getPaseos" desc="()Ljava/util/ArrayList;" line="194"><counter type="INSTRUCTION" missed="0" covered="3"/><counter type="LINE" missed="0" covered="1"/><counter type="COMPLEXITY" missed="0" covered="1"/><counter type="METHOD" missed="0" covered="1"/></method><method name="setPaseos" desc="(Ljava/util/ArrayList;)V" line="198"><counter type="INSTRUCTION" missed="0" covered="4"/><counter type="LINE" missed="0" covered="2"/><counter type="COMPLEXITY" missed="0" covered="1"/><counter type="METHOD" missed="0" covered="1"/></method><method name="getAlimentaciones" desc="()Ljava/util/ArrayList;" line="202"><counter type="INSTRUCTION" missed="0" covered="3"/><counter type="LINE" missed="0" covered="1"/><counter type="COMPLEXITY" missed="0" covered="1"/><counter type="METHOD" missed="0" covered="1"/></method><method name="setAlimentaciones" desc="(Ljava/util/ArrayList;)V" line="206"><counter type="INSTRUCTION" missed="0" covered="4"/><counter type="LINE" missed="0" covered="2"/><counter type="COMPLEXITY" missed="0" covered="1"/><counter type="METHOD" missed="0" covered="1"/></method><method name="getVisitas" desc="()Ljava/util/ArrayList;" line="210"><counter type="INSTRUCTION" missed="0" covered="3"/><counter type="LINE" missed="0" covered="1"/><counter type="COMPLEXITY" missed="0" covered="1"/><counter type="METHOD" missed="0" covered="1"/></method><method name="setVisitas" desc="(Ljava/util/ArrayList;)V" line="214"><counter type="INSTRUCTION" missed="0" covered="4"/><counter type="LINE" missed="0" covered="2"/><counter type="COMPLEXITY" missed="0" covered="1"/><counter type="METHOD" missed="0" covered="1"/></method><method name="getFechas" desc="()Ljava/util/ArrayList;" line="218"><counter type="INSTRUCTION" missed="0" covered="3"/><counter type="LINE" missed="0" covered="1"/><counter type="COMPLEXITY" missed="0" covered="1"/><counter type="METHOD" missed="0" covered="1"/></method><method name="setFechas" desc="(Ljava/util/ArrayList;)V" line="222"><counter type="INSTRUCTION" missed="0" covered="4"/><counter type="LINE" missed="0" covered="2"/><counter type="COMPLEXITY" missed="0" covered="1"/><counter type="METHOD" missed="0" covered="1"/></method><counter type="INSTRUCTION" missed="0" covered="431"/><counter type="BRANCH" missed="0" covered="54"/><counter type="LINE" missed="0" covered="96"/><counter type="COMPLEXITY" missed="0" covered="61"/><counter type="METHOD" missed="0" covered="34"/><counter type="CLASS" missed="0" covered="1"/></class><class name="dominio/Fecha"><method name="&lt;init&gt;" desc="(III)V" line="12"><counter type="INSTRUCTION" missed="0" covered="63"/><counter type="BRANCH" missed="0" covered="18"/><counter type="LINE" missed="0" covered="19"/><counter type="COMPLEXITY" missed="0" covered="10"/><counter type="METHOD" missed="0" covered="1"/></method><method name="&lt;init&gt;" desc="()V" line="43"><counter type="INSTRUCTION" missed="0" covered="17"/><counter type="LINE" missed="0" covered="6"/><counter type="COMPLEXITY" missed="0" covered="1"/><counter type="METHOD" missed="0" covered="1"/></method><method name="getDia" desc="()I" line="51"><counter type="INSTRUCTION" missed="0" covered="3"/><counter type="LINE" missed="0" covered="1"/><counter type="COMPLEXITY" missed="0" covered="1"/><counter type="METHOD" missed="0" covered="1"/></method><method name="setDia" desc="(I)V" line="55"><counter type="INSTRUCTION" missed="0" covered="21"/><counter type="BRANCH" missed="0" covered="4"/><counter type="LINE" missed="0" covered="7"/><counter type="COMPLEXITY" missed="0" covered="3"/><counter type="METHOD" missed="0" covered="1"/></method><method name="getMes" desc="()I" line="68"><counter type="INSTRUCTION" missed="0" covered="3"/><counter type="LINE" missed="0" covered="1"/><counter type="COMPLEXITY" missed="0" covered="1"/><counter type="METHOD" missed="0" covered="1"/></method><method name="setMes" desc="(I)V" line="72"><counter type="INSTRUCTION" missed="0" covered="32"/><counter type="BRANCH" missed="0" covered="12"/><counter type="LINE" missed="0" covered="9"/><counter type="COMPLEXITY" missed="0" covered="7"/><counter type="METHOD" missed="0" covered="1"/></method><method name="getAno" desc="()I" line="89"><counter type="INSTRUCTION" missed="0" covered="3"/><counter type="LINE" missed="0" covered="1"/><counter type="COMPLEXITY" missed="0" covered="1"/><counter type="METHOD" missed="0" covered="1"/></method><method name="setAno" desc="(I)V" line="93"><counter type="INSTRUCTION" missed="0" covered="10"/><counter type="BRANCH" missed="0" covered="2"/><counter type="LINE" missed="0" covered="4"/><counter type="COMPLEXITY" missed="0" covered="2"/><counter type="METHOD" missed="0" covered="1"/></method><method name="getActividades" desc="()Ljava/util/ArrayList;" line="101"><counter type="INSTRUCTION" missed="0" covered="3"/><counter type="LINE" missed="0" covered="1"/><counter type="COMPLEXITY" missed="0" covered="1"/><counter type="METHOD" missed="0" covered="1"/></method><method name="agregarActividad" desc="(Ldominio/Actividad;)V" line="105"><counter type="INSTRUCTION" missed="0" covered="6"/><counter type="LINE" missed="0" covered="2"/><counter type="COMPLEXITY" missed="0" covered="1"/><counter type="METHOD" missed="0" covered="1"/></method><method name="borrarActividad" desc="(Ldominio/Actividad;)V" line="109"><counter type="INSTRUCTION" missed="0" covered="15"/><counter type="BRANCH" missed="0" covered="2"/><counter type="LINE" missed="0" covered="4"/><counter type="COMPLEXITY" missed="0" covered="2"/><counter type="METHOD" missed="0" covered="1"/></method><method name="toString" desc="()Ljava/lang/String;" line="118"><counter type="INSTRUCTION" missed="0" covered="27"/><counter type="LINE" missed="0" covered="1"/><counter type="COMPLEXITY" missed="0" covered="1"/><counter type="METHOD" missed="0" covered="1"/></method><counter type="INSTRUCTION" missed="0" covered="203"/><counter type="BRANCH" missed="0" covered="38"/><counter type="LINE" missed="0" covered="56"/><counter type="COMPLEXITY" missed="0" covered="31"/><counter type="METHOD" missed="0" covered="12"/><counter type="CLASS" missed="0" covered="1"/></class><class name="dominio/Alimentacion"><method name="&lt;init&gt;" desc="(Ljava/lang/String;Ldominio/Usuario;Ldominio/Perro;Ljava/lang/String;ZLjava/time/LocalTime;Ldominio/Fecha;)V" line="15"><counter type="INSTRUCTION" missed="0" covered="24"/><counter type="LINE" missed="0" covered="9"/><counter type="COMPLEXITY" missed="0" covered="1"/><counter type="METHOD" missed="0" covered="1"/></method><method name="&lt;init&gt;" desc="()V" line="25"><counter type="INSTRUCTION" missed="0" covered="30"/><counter type="LINE" missed="0" covered="9"/><counter type="COMPLEXITY" missed="0" covered="1"/><counter type="METHOD" missed="0" covered="1"/></method><method name="getHora" desc="()Ljava/time/LocalTime;" line="38"><counter type="INSTRUCTION" missed="0" covered="3"/><counter type="LINE" missed="0" covered="1"/><counter type="COMPLEXITY" missed="0" covered="1"/><counter type="METHOD" missed="0" covered="1"/></method><method name="setHora" desc="(Ljava/time/LocalTime;)V" line="43"><counter type="INSTRUCTION" missed="0" covered="4"/><counter type="LINE" missed="0" covered="2"/><counter type="COMPLEXITY" missed="0" covered="1"/><counter type="METHOD" missed="0" covered="1"/></method><method name="getTipoAlimento" desc="()Ljava/lang/String;" line="47"><counter type="INSTRUCTION" missed="0" covered="3"/><counter type="LINE" missed="0" covered="1"/><counter type="COMPLEXITY" missed="0" covered="1"/><counter type="METHOD" missed="0" covered="1"/></method><method name="setTipoAlimento" desc="(Ljava/lang/String;)V" line="51"><counter type="INSTRUCTION" missed="0" covered="12"/><counter type="BRANCH" missed="0" covered="2"/><counter type="LINE" missed="0" covered="4"/><counter type="COMPLEXITY" missed="0" covered="2"/><counter type="METHOD" missed="0" covered="1"/></method><method name="getUsuario" desc="()Ldominio/Usuario;" line="60"><counter type="INSTRUCTION" missed="0" covered="3"/><counter type="LINE" missed="0" covered="1"/><counter type="COMPLEXITY" missed="0" covered="1"/><counter type="METHOD" missed="0" covered="1"/></method><method name="setUsuario" desc="(Ldominio/Usuario;)V" line="65"><counter type="INSTRUCTION" missed="0" covered="4"/><counter type="LINE" missed="0" covered="2"/><counter type="COMPLEXITY" missed="0" covered="1"/><counter type="METHOD" missed="0" covered="1"/></method><method name="getMascota" desc="()Ldominio/Perro;" line="70"><counter type="INSTRUCTION" missed="0" covered="3"/><counter type="LINE" missed="0" covered="1"/><counter type="COMPLEXITY" missed="0" covered="1"/><counter type="METHOD" missed="0" covered="1"/></method><method name="setMascota" desc="(Ldominio/Perro;)V" line="75"><counter type="INSTRUCTION" missed="0" covered="4"/><counter type="LINE" missed="0" covered="2"/><counter type="COMPLEXITY" missed="0" covered="1"/><counter type="METHOD" missed="0" covered="1"/></method><method name="getFueRealizado" desc="()Z" line="80"><counter type="INSTRUCTION" missed="0" covered="3"/><counter type="LINE" missed="0" covered="1"/><counter type="COMPLEXITY" missed="0" covered="1"/><counter type="METHOD" missed="0" covered="1"/></method><method name="setFueRealizado" desc="(Z)V" line="85"><counter type="INSTRUCTION" missed="0" covered="4"/><counter type="LINE" missed="0" covered="2"/><counter type="COMPLEXITY" missed="0" covered="1"/><counter type="METHOD" missed="0" covered="1"/></method><method name="getFecha" desc="()Ldominio/Fecha;" line="90"><counter type="INSTRUCTION" missed="0" covered="3"/><counter type="LINE" missed="0" covered="1"/><counter type="COMPLEXITY" missed="0" covered="1"/><counter type="METHOD" missed="0" covered="1"/></method><method name="setFecha" desc="(Ldominio/Fecha;)V" line="95"><counter type="INSTRUCTION" missed="0" covered="4"/><counter type="LINE" missed="0" covered="2"/><counter type="COMPLEXITY" missed="0" covered="1"/><counter type="METHOD" missed="0" covered="1"/></method><method name="toString" desc="()Ljava/lang/String;" line="100"><counter type="INSTRUCTION" missed="0" covered="42"/><counter type="LINE" missed="0" covered="1"/><counter type="COMPLEXITY" missed="0" covered="1"/><counter type="METHOD" missed="0" covered="1"/></method><method name="getNombre" desc="()Ljava/lang/String;" line="107"><counter type="INSTRUCTION" missed="0" covered="3"/><counter type="LINE" missed="0" covered="1"/><counter type="COMPLEXITY" missed="0" covered="1"/><counter type="METHOD" missed="0" covered="1"/></method><method name="setNombre" desc="(Ljava/lang/String;)V" line="111"><counter type="INSTRUCTION" missed="0" covered="12"/><counter type="BRANCH" missed="0" covered="2"/><counter type="LINE" missed="0" covered="4"/><counter type="COMPLEXITY" missed="0" covered="2"/><counter type="METHOD" missed="0" covered="1"/></method><counter type="INSTRUCTION" missed="0" covered="161"/><counter type="BRANCH" missed="0" covered="4"/><counter type="LINE" missed="0" covered="44"/><counter type="COMPLEXITY" missed="0" covered="19"/><counter type="METHOD" missed="0" covered="17"/><counter type="CLASS" missed="0" covered="1"/></class><class name="dominio/ActividadCualquiera"><method name="&lt;init&gt;" desc="(Ljava/lang/String;Ldominio/Usuario;Ldominio/Perro;ZLjava/time/LocalTime;Ldominio/Fecha;)V" line="14"><counter type="INSTRUCTION" missed="0" covered="21"/><counter type="LINE" missed="0" covered="8"/><counter type="COMPLEXITY" missed="0" covered="1"/><counter type="METHOD" missed="0" covered="1"/></method><method name="&lt;init&gt;" desc="()V" line="23"><counter type="INSTRUCTION" missed="0" covered="27"/><counter type="LINE" missed="0" covered="8"/><counter type="COMPLEXITY" missed="0" covered="1"/><counter type="METHOD" missed="0" covered="1"/></method><method name="getHora" desc="()Ljava/time/LocalTime;" line="34"><counter type="INSTRUCTION" missed="0" covered="3"/><counter type="LINE" missed="0" covered="1"/><counter type="COMPLEXITY" missed="0" covered="1"/><counter type="METHOD" missed="0" covered="1"/></method><method name="setHora" desc="(Ljava/time/LocalTime;)V" line="39"><counter type="INSTRUCTION" missed="0" covered="4"/><counter type="LINE" missed="0" covered="2"/><counter type="COMPLEXITY" missed="0" covered="1"/><counter type="METHOD" missed="0" covered="1"/></method><method name="setNombre" desc="(Ljava/lang/String;)V" line="44"><counter type="INSTRUCTION" missed="0" covered="12"/><counter type="BRANCH" missed="0" covered="2"/><counter type="LINE" missed="0" covered="4"/><counter type="COMPLEXITY" missed="0" covered="2"/><counter type="METHOD" missed="0" covered="1"/></method><method name="getUsuario" desc="()Ldominio/Usuario;" line="53"><counter type="INSTRUCTION" missed="0" covered="3"/><counter type="LINE" missed="0" covered="1"/><counter type="COMPLEXITY" missed="0" covered="1"/><counter type="METHOD" missed="0" covered="1"/></method><method name="setUsuario" desc="(Ldominio/Usuario;)V" line="58"><counter type="INSTRUCTION" missed="0" covered="4"/><counter type="LINE" missed="0" covered="2"/><counter type="COMPLEXITY" missed="0" covered="1"/><counter type="METHOD" missed="0" covered="1"/></method><method name="getMascota" desc="()Ldominio/Perro;" line="63"><counter type="INSTRUCTION" missed="0" covered="3"/><counter type="LINE" missed="0" covered="1"/><counter type="COMPLEXITY" missed="0" covered="1"/><counter type="METHOD" missed="0" covered="1"/></method><method name="setMascota" desc="(Ldominio/Perro;)V" line="68"><counter type="INSTRUCTION" missed="0" covered="4"/><counter type="LINE" missed="0" covered="2"/><counter type="COMPLEXITY" missed="0" covered="1"/><counter type="METHOD" missed="0" covered="1"/></method><method name="getFueRealizado" desc="()Z" line="73"><counter type="INSTRUCTION" missed="0" covered="3"/><counter type="LINE" missed="0" covered="1"/><counter type="COMPLEXITY" missed="0" covered="1"/><counter type="METHOD" missed="0" covered="1"/></method><method name="setFueRealizado" desc="(Z)V" line="78"><counter type="INSTRUCTION" missed="0" covered="4"/><counter type="LINE" missed="0" covered="2"/><counter type="COMPLEXITY" missed="0" covered="1"/><counter type="METHOD" missed="0" covered="1"/></method><method name="getFecha" desc="()Ldominio/Fecha;" line="83"><counter type="INSTRUCTION" missed="0" covered="3"/><counter type="LINE" missed="0" covered="1"/><counter type="COMPLEXITY" missed="0" covered="1"/><counter type="METHOD" missed="0" covered="1"/></method><method name="setFecha" desc="(Ldominio/Fecha;)V" line="88"><counter type="INSTRUCTION" missed="0" covered="4"/><counter type="LINE" missed="0" covered="2"/><counter type="COMPLEXITY" missed="0" covered="1"/><counter type="METHOD" missed="0" covered="1"/></method><method name="toString" desc="()Ljava/lang/String;" line="93"><counter type="INSTRUCTION" missed="0" covered="37"/><counter type="LINE" missed="0" covered="1"/><counter type="COMPLEXITY" missed="0" covered="1"/><counter type="METHOD" missed="0" covered="1"/></method><method name="getNombre" desc="()Ljava/lang/String;" line="98"><counter type="INSTRUCTION" missed="0" covered="3"/><counter type="LINE" missed="0" covered="1"/><counter type="COMPLEXITY" missed="0" covered="1"/><counter type="METHOD" missed="0" covered="1"/></method><counter type="INSTRUCTION" missed="0" covered="135"/><counter type="BRANCH" missed="0" covered="2"/><counter type="LINE" missed="0" covered="37"/><counter type="COMPLEXITY" missed="0" covered="16"/><counter type="METHOD" missed="0" covered="15"/><counter type="CLASS" missed="0" covered="1"/></class><class name="dominio/Main"><method name="&lt;init&gt;" desc="()V" line="4"><counter type="INSTRUCTION" missed="3" covered="0"/><counter type="LINE" missed="1" covered="0"/><counter type="COMPLEXITY" missed="1" covered="0"/><counter type="METHOD" missed="1" covered="0"/></method><method name="main" desc="([Ljava/lang/String;)V" line="6"><counter type="INSTRUCTION" missed="11" covered="0"/><counter type="LINE" missed="3" covered="0"/><counter type="COMPLEXITY" missed="1" covered="0"/><counter type="METHOD" missed="1" covered="0"/></method><counter type="INSTRUCTION" missed="14" covered="0"/><counter type="LINE" missed="4" covered="0"/><counter type="COMPLEXITY" missed="2" covered="0"/><counter type="METHOD" missed="2" covered="0"/><counter type="CLASS" missed="1" covered="0"/></class><class name="dominio/Veterinaria"><method name="&lt;init&gt;" desc="()V" line="21"><counter type="INSTRUCTION" missed="0" covered="17"/><counter type="LINE" missed="0" covered="6"/><counter type="COMPLEXITY" missed="0" covered="1"/><counter type="METHOD" missed="0" covered="1"/></method><method name="&lt;init&gt;" desc="(Ljava/lang/String;Ljava/util/ArrayList;II)V" line="28"><counter type="INSTRUCTION" missed="0" covered="15"/><counter type="LINE" missed="0" covered="6"/><counter type="COMPLEXITY" missed="0" covered="1"/><counter type="METHOD" missed="0" covered="1"/></method><method name="getNombre" desc="()Ljava/lang/String;" line="36"><counter type="INSTRUCTION" missed="0" covered="3"/><counter type="LINE" missed="0" covered="1"/><counter type="COMPLEXITY" missed="0" covered="1"/><counter type="METHOD" missed="0" covered="1"/></method><method name="setNombre" desc="(Ljava/lang/String;)V" line="40"><counter type="INSTRUCTION" missed="0" covered="12"/><counter type="BRANCH" missed="0" covered="2"/><counter type="LINE" missed="0" covered="4"/><counter type="COMPLEXITY" missed="0" covered="2"/><counter type="METHOD" missed="0" covered="1"/></method><method name="getActividadesAgendadas" desc="()Ljava/util/ArrayList;" line="48"><counter type="INSTRUCTION" missed="0" covered="3"/><counter type="LINE" missed="0" covered="1"/><counter type="COMPLEXITY" missed="0" covered="1"/><counter type="METHOD" missed="0" covered="1"/></method><method name="setActividadesAgendadas" desc="(Ljava/util/ArrayList;)V" line="52"><counter type="INSTRUCTION" missed="0" covered="4"/><counter type="LINE" missed="0" covered="2"/><counter type="COMPLEXITY" missed="0" covered="1"/><counter type="METHOD" missed="0" covered="1"/></method><method name="AgendarActividad" desc="(Ldominio/VisitaVeterinaria;)Z" line="56"><counter type="INSTRUCTION" missed="0" covered="68"/><counter type="BRANCH" missed="0" covered="14"/><counter type="LINE" missed="0" covered="13"/><counter type="COMPLEXITY" missed="0" covered="8"/><counter type="METHOD" missed="0" covered="1"/></method><method name="EliminarActividadAgendada" desc="(Ldominio/Actividad;)V" line="76"><counter type="INSTRUCTION" missed="0" covered="11"/><counter type="BRANCH" missed="0" covered="2"/><counter type="LINE" missed="0" covered="3"/><counter type="COMPLEXITY" missed="0" covered="2"/><counter type="METHOD" missed="0" covered="1"/></method><method name="getHoraInicial" desc="()I" line="83"><counter type="INSTRUCTION" missed="0" covered="3"/><counter type="LINE" missed="0" covered="1"/><counter type="COMPLEXITY" missed="0" covered="1"/><counter type="METHOD" missed="0" covered="1"/></method><method name="setHoraInicial" desc="(I)V" line="87"><counter type="INSTRUCTION" missed="0" covered="17"/><counter type="BRANCH" missed="0" covered="4"/><counter type="LINE" missed="0" covered="6"/><counter type="COMPLEXITY" missed="0" covered="3"/><counter type="METHOD" missed="0" covered="1"/></method><method name="getHoraFinal" desc="()I" line="100"><counter type="INSTRUCTION" missed="0" covered="3"/><counter type="LINE" missed="0" covered="1"/><counter type="COMPLEXITY" missed="0" covered="1"/><counter type="METHOD" missed="0" covered="1"/></method><method name="setHoraFinal" desc="(I)V" line="104"><counter type="INSTRUCTION" missed="0" covered="17"/><counter type="BRANCH" missed="0" covered="4"/><counter type="LINE" missed="0" covered="6"/><counter type="COMPLEXITY" missed="0" covered="3"/><counter type="METHOD" missed="0" covered="1"/></method><method name="toString" desc="()Ljava/lang/String;" line="117"><counter type="INSTRUCTION" missed="0" covered="27"/><counter type="LINE" missed="0" covered="1"/><counter type="COMPLEXITY" missed="0" covered="1"/><counter type="METHOD" missed="0" covered="1"/></method><counter type="INSTRUCTION" missed="0" covered="200"/><counter type="BRANCH" missed="0" covered="26"/><counter type="LINE" missed="0" covered="51"/><counter type="COMPLEXITY" missed="0" covered="26"/><counter type="METHOD" missed="0" covered="13"/><counter type="CLASS" missed="0" covered="1"/></class><class name="dominio/Actividad"><method name="&lt;init&gt;" desc="()V" line="5"><counter type="INSTRUCTION" missed="3" covered="0"/><counter type="LINE" missed="1" covered="0"/><counter type="COMPLEXITY" missed="1" covered="0"/><counter type="METHOD" missed="1" covered="0"/></method><counter type="INSTRUCTION" missed="3" covered="0"/><counter type="LINE" missed="1" covered="0"/><counter type="COMPLEXITY" missed="1" covered="0"/><counter type="METHOD" missed="1" covered="0"/><counter type="CLASS" missed="1" covered="0"/></class><class name="dominio/Perro"><method name="&lt;init&gt;" desc="(Ljava/lang/String;DDLjava/lang/String;)V" line="13"><counter type="INSTRUCTION" missed="0" covered="18"/><counter type="LINE" missed="0" covered="7"/><counter type="COMPLEXITY" missed="0" covered="1"/><counter type="METHOD" missed="0" covered="1"/></method><method name="&lt;init&gt;" desc="()V" line="21"><counter type="INSTRUCTION" missed="0" covered="18"/><counter type="LINE" missed="0" covered="7"/><counter type="COMPLEXITY" missed="0" covered="1"/><counter type="METHOD" missed="0" covered="1"/></method><method name="getNombre" desc="()Ljava/lang/String;" line="30"><counter type="INSTRUCTION" missed="0" covered="3"/><counter type="LINE" missed="0" covered="1"/><counter type="COMPLEXITY" missed="0" covered="1"/><counter type="METHOD" missed="0" covered="1"/></method><method name="setNombre" desc="(Ljava/lang/String;)V" line="34"><counter type="INSTRUCTION" missed="0" covered="12"/><counter type="BRANCH" missed="0" covered="2"/><counter type="LINE" missed="0" covered="4"/><counter type="COMPLEXITY" missed="0" covered="2"/><counter type="METHOD" missed="0" covered="1"/></method><method name="getAltura" desc="()D" line="43"><counter type="INSTRUCTION" missed="0" covered="3"/><counter type="LINE" missed="0" covered="1"/><counter type="COMPLEXITY" missed="0" covered="1"/><counter type="METHOD" missed="0" covered="1"/></method><method name="setAltura" desc="(D)V" line="47"><counter type="INSTRUCTION" missed="0" covered="12"/><counter type="BRANCH" missed="0" covered="2"/><counter type="LINE" missed="0" covered="4"/><counter type="COMPLEXITY" missed="0" covered="2"/><counter type="METHOD" missed="0" covered="1"/></method><method name="getPeso" desc="()D" line="56"><counter type="INSTRUCTION" missed="0" covered="3"/><counter type="LINE" missed="0" covered="1"/><counter type="COMPLEXITY" missed="0" covered="1"/><counter type="METHOD" missed="0" covered="1"/></method><method name="setPeso" desc="(D)V" line="60"><counter type="INSTRUCTION" missed="0" covered="12"/><counter type="BRANCH" missed="0" covered="2"/><counter type="LINE" missed="0" covered="4"/><counter type="COMPLEXITY" missed="0" covered="2"/><counter type="METHOD" missed="0" covered="1"/></method><method name="getComentarios" desc="()Ljava/lang/String;" line="68"><counter type="INSTRUCTION" missed="0" covered="3"/><counter type="LINE" missed="0" covered="1"/><counter type="COMPLEXITY" missed="0" covered="1"/><counter type="METHOD" missed="0" covered="1"/></method><method name="setComentarios" desc="(Ljava/lang/String;)V" line="72"><counter type="INSTRUCTION" missed="0" covered="12"/><counter type="BRANCH" missed="0" covered="2"/><counter type="LINE" missed="0" covered="4"/><counter type="COMPLEXITY" missed="0" covered="2"/><counter type="METHOD" missed="0" covered="1"/></method><method name="getFoto" desc="()Ljavax/swing/ImageIcon;" line="81"><counter type="INSTRUCTION" missed="0" covered="3"/><counter type="LINE" missed="0" covered="1"/><counter type="COMPLEXITY" missed="0" covered="1"/><counter type="METHOD" missed="0" covered="1"/></method><method name="setFoto" desc="(Ljavax/swing/ImageIcon;)V" line="85"><counter type="INSTRUCTION" missed="0" covered="4"/><counter type="LINE" missed="0" covered="2"/><counter type="COMPLEXITY" missed="0" covered="1"/><counter type="METHOD" missed="0" covered="1"/></method><method name="toString" desc="()Ljava/lang/String;" line="90"><counter type="INSTRUCTION" missed="0" covered="27"/><counter type="LINE" missed="0" covered="1"/><counter type="COMPLEXITY" missed="0" covered="1"/><counter type="METHOD" missed="0" covered="1"/></method><counter type="INSTRUCTION" missed="0" covered="130"/><counter type="BRANCH" missed="0" covered="8"/><counter type="LINE" missed="0" covered="38"/><counter type="COMPLEXITY" missed="0" covered="17"/><counter type="METHOD" missed="0" covered="13"/><counter type="CLASS" missed="0" covered="1"/></class><class name="dominio/Usuario"><method name="&lt;init&gt;" desc="(Ljava/lang/String;Ljava/lang/String;)V" line="11"><counter type="INSTRUCTION" missed="0" covered="14"/><counter type="LINE" missed="0" covered="5"/><counter type="COMPLEXITY" missed="0" covered="1"/><counter type="METHOD" missed="0" covered="1"/></method><method name="&lt;init&gt;" desc="()V" line="17"><counter type="INSTRUCTION" missed="0" covered="14"/><counter type="LINE" missed="0" covered="5"/><counter type="COMPLEXITY" missed="0" covered="1"/><counter type="METHOD" missed="0" covered="1"/></method><method name="getActividades" desc="()Ljava/util/ArrayList;" line="24"><counter type="INSTRUCTION" missed="0" covered="3"/><counter type="LINE" missed="0" covered="1"/><counter type="COMPLEXITY" missed="0" covered="1"/><counter type="METHOD" missed="0" covered="1"/></method><method name="getNombre" desc="()Ljava/lang/String;" line="28"><counter type="INSTRUCTION" missed="0" covered="3"/><counter type="LINE" missed="0" covered="1"/><counter type="COMPLEXITY" missed="0" covered="1"/><counter type="METHOD" missed="0" covered="1"/></method><method name="setNombre" desc="(Ljava/lang/String;)V" line="32"><counter type="INSTRUCTION" missed="0" covered="12"/><counter type="BRANCH" missed="0" covered="2"/><counter type="LINE" missed="0" covered="4"/><counter type="COMPLEXITY" missed="0" covered="2"/><counter type="METHOD" missed="0" covered="1"/></method><method name="getMail" desc="()Ljava/lang/String;" line="40"><counter type="INSTRUCTION" missed="0" covered="3"/><counter type="LINE" missed="0" covered="1"/><counter type="COMPLEXITY" missed="0" covered="1"/><counter type="METHOD" missed="0" covered="1"/></method><method name="setMail" desc="(Ljava/lang/String;)V" line="44"><counter type="INSTRUCTION" missed="0" covered="12"/><counter type="BRANCH" missed="0" covered="2"/><counter type="LINE" missed="0" covered="4"/><counter type="COMPLEXITY" missed="0" covered="2"/><counter type="METHOD" missed="0" covered="1"/></method><method name="agregarActividad" desc="(Ldominio/Actividad;)V" line="52"><counter type="INSTRUCTION" missed="0" covered="6"/><counter type="LINE" missed="0" covered="2"/><counter type="COMPLEXITY" missed="0" covered="1"/><counter type="METHOD" missed="0" covered="1"/></method><method name="toString" desc="()Ljava/lang/String;" line="57"><counter type="INSTRUCTION" missed="0" covered="17"/><counter type="LINE" missed="0" covered="1"/><counter type="COMPLEXITY" missed="0" covered="1"/><counter type="METHOD" missed="0" covered="1"/></method><counter type="INSTRUCTION" missed="0" covered="84"/><counter type="BRANCH" missed="0" covered="4"/><counter type="LINE" missed="0" covered="24"/><counter type="COMPLEXITY" missed="0" covered="11"/><counter type="METHOD" missed="0" covered="9"/><counter type="CLASS" missed="0" covered="1"/></class><class name="dominio/Paseo"><method name="&lt;init&gt;" desc="(Ljava/lang/String;Ldominio/Usuario;Ldominio/Perro;DZLjava/time/LocalTime;Ldominio/Fecha;)V" line="17"><counter type="INSTRUCTION" missed="0" covered="27"/><counter type="LINE" missed="0" covered="10"/><counter type="COMPLEXITY" missed="0" covered="1"/><counter type="METHOD" missed="0" covered="1"/></method><method name="&lt;init&gt;" desc="()V" line="28"><counter type="INSTRUCTION" missed="0" covered="33"/><counter type="LINE" missed="0" covered="10"/><counter type="COMPLEXITY" missed="0" covered="1"/><counter type="METHOD" missed="0" covered="1"/></method><method name="getRuta" desc="()Ljavax/swing/ImageIcon;" line="40"><counter type="INSTRUCTION" missed="0" covered="3"/><counter type="LINE" missed="0" covered="1"/><counter type="COMPLEXITY" missed="0" covered="1"/><counter type="METHOD" missed="0" covered="1"/></method><method name="setRuta" desc="(Ljavax/swing/ImageIcon;)V" line="44"><counter type="INSTRUCTION" missed="0" covered="4"/><counter type="LINE" missed="0" covered="2"/><counter type="COMPLEXITY" missed="0" covered="1"/><counter type="METHOD" missed="0" covered="1"/></method><method name="getHora" desc="()Ljava/time/LocalTime;" line="49"><counter type="INSTRUCTION" missed="0" covered="3"/><counter type="LINE" missed="0" covered="1"/><counter type="COMPLEXITY" missed="0" covered="1"/><counter type="METHOD" missed="0" covered="1"/></method><method name="setHora" desc="(Ljava/time/LocalTime;)V" line="54"><counter type="INSTRUCTION" missed="0" covered="4"/><counter type="LINE" missed="0" covered="2"/><counter type="COMPLEXITY" missed="0" covered="1"/><counter type="METHOD" missed="0" covered="1"/></method><method name="getDistancia" desc="()D" line="58"><counter type="INSTRUCTION" missed="0" covered="3"/><counter type="LINE" missed="0" covered="1"/><counter type="COMPLEXITY" missed="0" covered="1"/><counter type="METHOD" missed="0" covered="1"/></method><method name="setDistancia" desc="(D)V" line="62"><counter type="INSTRUCTION" missed="0" covered="12"/><counter type="BRANCH" missed="0" covered="2"/><counter type="LINE" missed="0" covered="4"/><counter type="COMPLEXITY" missed="0" covered="2"/><counter type="METHOD" missed="0" covered="1"/></method><method name="getUsuario" desc="()Ldominio/Usuario;" line="71"><counter type="INSTRUCTION" missed="0" covered="3"/><counter type="LINE" missed="0" covered="1"/><counter type="COMPLEXITY" missed="0" covered="1"/><counter type="METHOD" missed="0" covered="1"/></method><method name="setUsuario" desc="(Ldominio/Usuario;)V" line="76"><counter type="INSTRUCTION" missed="0" covered="4"/><counter type="LINE" missed="0" covered="2"/><counter type="COMPLEXITY" missed="0" covered="1"/><counter type="METHOD" missed="0" covered="1"/></method><method name="getMascota" desc="()Ldominio/Perro;" line="81"><counter type="INSTRUCTION" missed="0" covered="3"/><counter type="LINE" missed="0" covered="1"/><counter type="COMPLEXITY" missed="0" covered="1"/><counter type="METHOD" missed="0" covered="1"/></method><method name="setMascota" desc="(Ldominio/Perro;)V" line="86"><counter type="INSTRUCTION" missed="0" covered="4"/><counter type="LINE" missed="0" covered="2"/><counter type="COMPLEXITY" missed="0" covered="1"/><counter type="METHOD" missed="0" covered="1"/></method><method name="getFueRealizado" desc="()Z" line="91"><counter type="INSTRUCTION" missed="0" covered="3"/><counter type="LINE" missed="0" covered="1"/><counter type="COMPLEXITY" missed="0" covered="1"/><counter type="METHOD" missed="0" covered="1"/></method><method name="setFueRealizado" desc="(Z)V" line="96"><counter type="INSTRUCTION" missed="0" covered="4"/><counter type="LINE" missed="0" covered="2"/><counter type="COMPLEXITY" missed="0" covered="1"/><counter type="METHOD" missed="0" covered="1"/></method><method name="getFecha" desc="()Ldominio/Fecha;" line="101"><counter type="INSTRUCTION" missed="0" covered="3"/><counter type="LINE" missed="0" covered="1"/><counter type="COMPLEXITY" missed="0" covered="1"/><counter type="METHOD" missed="0" covered="1"/></method><method name="setFecha" desc="(Ldominio/Fecha;)V" line="105"><counter type="INSTRUCTION" missed="0" covered="4"/><counter type="LINE" missed="0" covered="2"/><counter type="COMPLEXITY" missed="0" covered="1"/><counter type="METHOD" missed="0" covered="1"/></method><method name="toString" desc="()Ljava/lang/String;" line="110"><counter type="INSTRUCTION" missed="0" covered="42"/><counter type="LINE" missed="0" covered="1"/><counter type="COMPLEXITY" missed="0" covered="1"/><counter type="METHOD" missed="0" covered="1"/></method><method name="getNombre" desc="()Ljava/lang/String;" line="115"><counter type="INSTRUCTION" missed="0" covered="3"/><counter type="LINE" missed="0" covered="1"/><counter type="COMPLEXITY" missed="0" covered="1"/><counter type="METHOD" missed="0" covered="1"/></method><method name="setNombre" desc="(Ljava/lang/String;)V" line="120"><counter type="INSTRUCTION" missed="0" covered="12"/><counter type="BRANCH" missed="0" covered="2"/><counter type="LINE" missed="0" covered="4"/><counter type="COMPLEXITY" missed="0" covered="2"/><counter type="METHOD" missed="0" covered="1"/></method><counter type="INSTRUCTION" missed="0" covered="174"/><counter type="BRANCH" missed="0" covered="4"/><counter type="LINE" missed="0" covered="49"/><counter type="COMPLEXITY" missed="0" covered="21"/><counter type="METHOD" missed="0" covered="19"/><counter type="CLASS" missed="0" covered="1"/></class><class name="dominio/VisitaVeterinaria"><method name="&lt;init&gt;" desc="()V" line="25"><counter type="INSTRUCTION" missed="0" covered="35"/><counter type="LINE" missed="0" covered="10"/><counter type="COMPLEXITY" missed="0" covered="1"/><counter type="METHOD" missed="0" covered="1"/></method><method name="&lt;init&gt;" desc="(Ljava/lang/String;Ljava/time/LocalTime;Ldominio/Usuario;Ldominio/Perro;ZLdominio/Fecha;Ldominio/Veterinaria;Ljava/lang/String;)V" line="36"><counter type="INSTRUCTION" missed="0" covered="27"/><counter type="LINE" missed="0" covered="10"/><counter type="COMPLEXITY" missed="0" covered="1"/><counter type="METHOD" missed="0" covered="1"/></method><method name="getMotivo" desc="()Ljava/lang/String;" line="48"><counter type="INSTRUCTION" missed="0" covered="3"/><counter type="LINE" missed="0" covered="1"/><counter type="COMPLEXITY" missed="0" covered="1"/><counter type="METHOD" missed="0" covered="1"/></method><method name="setMotivo" desc="(Ljava/lang/String;)V" line="52"><counter type="INSTRUCTION" missed="0" covered="12"/><counter type="BRANCH" missed="0" covered="2"/><counter type="LINE" missed="0" covered="4"/><counter type="COMPLEXITY" missed="0" covered="2"/><counter type="METHOD" missed="0" covered="1"/></method><method name="getVeterinaria" desc="()Ldominio/Veterinaria;" line="60"><counter type="INSTRUCTION" missed="0" covered="3"/><counter type="LINE" missed="0" covered="1"/><counter type="COMPLEXITY" missed="0" covered="1"/><counter type="METHOD" missed="0" covered="1"/></method><method name="setVeterinaria" desc="(Ldominio/Veterinaria;)V" line="64"><counter type="INSTRUCTION" missed="0" covered="4"/><counter type="LINE" missed="0" covered="2"/><counter type="COMPLEXITY" missed="0" covered="1"/><counter type="METHOD" missed="0" covered="1"/></method><method name="getNombre" desc="()Ljava/lang/String;" line="69"><counter type="INSTRUCTION" missed="0" covered="3"/><counter type="LINE" missed="0" covered="1"/><counter type="COMPLEXITY" missed="0" covered="1"/><counter type="METHOD" missed="0" covered="1"/></method><method name="setNombre" desc="(Ljava/lang/String;)V" line="73"><counter type="INSTRUCTION" missed="0" covered="12"/><counter type="BRANCH" missed="0" covered="2"/><counter type="LINE" missed="0" covered="4"/><counter type="COMPLEXITY" missed="0" covered="2"/><counter type="METHOD" missed="0" covered="1"/></method><method name="getHora" desc="()Ljava/time/LocalTime;" line="82"><counter type="INSTRUCTION" missed="0" covered="3"/><counter type="LINE" missed="0" covered="1"/><counter type="COMPLEXITY" missed="0" covered="1"/><counter type="METHOD" missed="0" covered="1"/></method><method name="setHora" desc="(Ljava/time/LocalTime;)V" line="87"><counter type="INSTRUCTION" missed="0" covered="4"/><counter type="LINE" missed="0" covered="2"/><counter type="COMPLEXITY" missed="0" covered="1"/><counter type="METHOD" missed="0" covered="1"/></method><method name="getUsuario" desc="()Ldominio/Usuario;" line="92"><counter type="INSTRUCTION" missed="0" covered="3"/><counter type="LINE" missed="0" covered="1"/><counter type="COMPLEXITY" missed="0" covered="1"/><counter type="METHOD" missed="0" covered="1"/></method><method name="setUsuario" desc="(Ldominio/Usuario;)V" line="97"><counter type="INSTRUCTION" missed="0" covered="4"/><counter type="LINE" missed="0" covered="2"/><counter type="COMPLEXITY" missed="0" covered="1"/><counter type="METHOD" missed="0" covered="1"/></method><method name="getMascota" desc="()Ldominio/Perro;" line="102"><counter type="INSTRUCTION" missed="0" covered="3"/><counter type="LINE" missed="0" covered="1"/><counter type="COMPLEXITY" missed="0" covered="1"/><counter type="METHOD" missed="0" covered="1"/></method><method name="setMascota" desc="(Ldominio/Perro;)V" line="107"><counter type="INSTRUCTION" missed="0" covered="4"/><counter type="LINE" missed="0" covered="2"/><counter type="COMPLEXITY" missed="0" covered="1"/><counter type="METHOD" missed="0" covered="1"/></method><method name="getFueRealizado" desc="()Z" line="112"><counter type="INSTRUCTION" missed="0" covered="3"/><counter type="LINE" missed="0" covered="1"/><counter type="COMPLEXITY" missed="0" covered="1"/><counter type="METHOD" missed="0" covered="1"/></method><method name="setFueRealizado" desc="(Z)V" line="117"><counter type="INSTRUCTION" missed="0" covered="11"/><counter type="BRANCH" missed="0" covered="2"/><counter type="LINE" missed="0" covered="4"/><counter type="COMPLEXITY" missed="0" covered="2"/><counter type="METHOD" missed="0" covered="1"/></method><method name="getFecha" desc="()Ldominio/Fecha;" line="124"><counter type="INSTRUCTION" missed="0" covered="3"/><counter type="LINE" missed="0" covered="1"/><counter type="COMPLEXITY" missed="0" covered="1"/><counter type="METHOD" missed="0" covered="1"/></method><method name="setFecha" desc="(Ldominio/Fecha;)V" line="129"><counter type="INSTRUCTION" missed="0" covered="4"/><counter type="LINE" missed="0" covered="2"/><counter type="COMPLEXITY" missed="0" covered="1"/><counter type="METHOD" missed="0" covered="1"/></method><method name="toString" desc="()Ljava/lang/String;" line="134"><counter type="INSTRUCTION" missed="0" covered="42"/><counter type="LINE" missed="0" covered="1"/><counter type="COMPLEXITY" missed="0" covered="1"/><counter type="METHOD" missed="0" covered="1"/></method><counter type="INSTRUCTION" missed="0" covered="183"/><counter type="BRANCH" missed="0" covered="6"/><counter type="LINE" missed="0" covered="51"/><counter type="COMPLEXITY" missed="0" covered="22"/><counter type="METHOD" missed="0" covered="19"/><counter type="CLASS" missed="0" covered="1"/></class><sourcefile name="Main.java"><line nr="4" mi="3" ci="0" mb="0" cb="0"/><line nr="6" mi="4" ci="0" mb="0" cb="0"/><line nr="7" mi="6" ci="0" mb="0" cb="0"/><line nr="8" mi="1" ci="0" mb="0" cb="0"/><counter type="INSTRUCTION" missed="14" covered="0"/><counter type="LINE" missed="4" covered="0"/><counter type="COMPLEXITY" missed="2" covered="0"/><counter type="METHOD" missed="2" covered="0"/><counter type="CLASS" missed="1" covered="0"/></sourcefile><sourcefile name="Fecha.java"><line nr="12" mi="0" ci="2" mb="0" cb="0"/><line nr="13" mi="0" ci="2" mb="0" cb="2"/><line nr="14" mi="0" ci="3" mb="0" cb="2"/><line nr="15" mi="0" ci="4" mb="0" cb="0"/><line nr="17" mi="0" ci="4" mb="0" cb="0"/><line nr="20" mi="0" ci="3" mb="0" cb="0"/><line nr="22" mi="0" ci="5" mb="0" cb="4"/><line nr="23" mi="0" ci="3" mb="0" cb="0"/><line nr="24" mi="0" ci="6" mb="0" cb="4"/><line nr="25" mi="0" ci="4" mb="0" cb="0"/><line nr="28" mi="0" ci="3" mb="0" cb="2"/><line nr="29" mi="0" ci="3" mb="0" cb="0"/><line nr="31" mi="0" ci="3" mb="0" cb="2"/><line nr="32" mi="0" ci="3" mb="0" cb="0"/><line nr="35" mi="0" ci="2" mb="0" cb="2"/><line nr="36" mi="0" ci="4" mb="0" cb="0"/><line nr="38" mi="0" ci="3" mb="0" cb="0"/><line nr="40" mi="0" ci="5" mb="0" cb="0"/><line nr="41" mi="0" ci="1" mb="0" cb="0"/><line nr="43" mi="0" ci="2" mb="0" cb="0"/><line nr="44" mi="0" ci="3" mb="0" cb="0"/><line nr="45" mi="0" ci="3" mb="0" cb="0"/><line nr="46" mi="0" ci="3" mb="0" cb="0"/><line nr="47" mi="0" ci="5" mb="0" cb="0"/><line nr="48" mi="0" ci="1" mb="0" cb="0"/><line nr="51" mi="0" ci="3" mb="0" cb="0"/><line nr="55" mi="0" ci="2" mb="0" cb="2"/><line nr="56" mi="0" ci="3" mb="0" cb="2"/><line nr="57" mi="0" ci="4" mb="0" cb="0"/><line nr="59" mi="0" ci="4" mb="0" cb="0"/><line nr="62" mi="0" ci="3" mb="0" cb="0"/><line nr="64" mi="0" ci="4" mb="0" cb="0"/><line nr="65" mi="0" ci="1" mb="0" cb="0"/><line nr="68" mi="0" ci="3" mb="0" cb="0"/><line nr="72" mi="0" ci="5" mb="0" cb="4"/><line nr="73" mi="0" ci="3" mb="0" cb="0"/><line nr="74" mi="0" ci="7" mb="0" cb="4"/><line nr="75" mi="0" ci="4" mb="0" cb="0"/><line nr="78" mi="0" ci="3" mb="0" cb="2"/><line nr="79" mi="0" ci="3" mb="0" cb="0"/><line nr="81" mi="0" ci="3" mb="0" cb="2"/><line nr="82" mi="0" ci="3" mb="0" cb="0"/><line nr="86" mi="0" ci="1" mb="0" cb="0"/><line nr="89" mi="0" ci="3" mb="0" cb="0"/><line nr="93" mi="0" ci="2" mb="0" cb="2"/><line nr="94" mi="0" ci="4" mb="0" cb="0"/><line nr="96" mi="0" ci="3" mb="0" cb="0"/><line nr="98" mi="0" ci="1" mb="0" cb="0"/><line nr="101" mi="0" ci="3" mb="0" cb="0"/><line nr="105" mi="0" ci="5" mb="0" cb="0"/><line nr="106" mi="0" ci="1" mb="0" cb="0"/><line nr="109" mi="0" ci="5" mb="0" cb="2"/><line nr="110" mi="0" ci="6" mb="0" cb="0"/><line nr="112" mi="0" ci="3" mb="0" cb="0"/><line nr="114" mi="0" ci="1" mb="0" cb="0"/><line nr="118" mi="0" ci="27" mb="0" cb="0"/><counter type="INSTRUCTION" missed="0" covered="203"/><counter type="BRANCH" missed="0" covered="38"/><counter type="LINE" missed="0" covered="56"/><counter type="COMPLEXITY" missed="0" covered="31"/><counter type="METHOD" missed="0" covered="12"/><counter type="CLASS" missed="0" covered="1"/></sourcefile><sourcefile name="Alimentacion.java"><line nr="15" mi="0" ci="2" mb="0" cb="0"/><line nr="16" mi="0" ci="3" mb="0" cb="0"/><line nr="17" mi="0" ci="3" mb="0" cb="0"/><line nr="18" mi="0" ci="3" mb="0" cb="0"/><line nr="19" mi="0" ci="3" mb="0" cb="0"/><line nr="20" mi="0" ci="3" mb="0" cb="0"/><line nr="21" mi="0" ci="3" mb="0" cb="0"/><line nr="22" mi="0" ci="3" mb="0" cb="0"/><line nr="23" mi="0" ci="1" mb="0" cb="0"/><line nr="25" mi="0" ci="2" mb="0" cb="0"/><line nr="26" mi="0" ci="5" mb="0" cb="0"/><line nr="27" mi="0" ci="5" mb="0" cb="0"/><line nr="28" mi="0" ci="3" mb="0" cb="0"/><line nr="29" mi="0" ci="3" mb="0" cb="0"/><line nr="30" mi="0" ci="3" mb="0" cb="0"/><line nr="31" mi="0" ci="5" mb="0" cb="0"/><line nr="32" mi="0" ci="3" mb="0" cb="0"/><line nr="33" mi="0" ci="1" mb="0" cb="0"/><line nr="38" mi="0" ci="3" mb="0" cb="0"/><line nr="43" mi="0" ci="3" mb="0" cb="0"/><line nr="44" mi="0" ci="1" mb="0" cb="0"/><line nr="47" mi="0" ci="3" mb="0" cb="0"/><line nr="51" mi="0" ci="4" mb="0" cb="2"/><line nr="52" mi="0" ci="4" mb="0" cb="0"/><line nr="54" mi="0" ci="3" mb="0" cb="0"/><line nr="56" mi="0" ci="1" mb="0" cb="0"/><line nr="60" mi="0" ci="3" mb="0" cb="0"/><line nr="65" mi="0" ci="3" mb="0" cb="0"/><line nr="66" mi="0" ci="1" mb="0" cb="0"/><line nr="70" mi="0" ci="3" mb="0" cb="0"/><line nr="75" mi="0" ci="3" mb="0" cb="0"/><line nr="76" mi="0" ci="1" mb="0" cb="0"/><line nr="80" mi="0" ci="3" mb="0" cb="0"/><line nr="85" mi="0" ci="3" mb="0" cb="0"/><line nr="86" mi="0" ci="1" mb="0" cb="0"/><line nr="90" mi="0" ci="3" mb="0" cb="0"/><line nr="95" mi="0" ci="3" mb="0" cb="0"/><line nr="96" mi="0" ci="1" mb="0" cb="0"/><line nr="100" mi="0" ci="42" mb="0" cb="0"/><line nr="107" mi="0" ci="3" mb="0" cb="0"/><line nr="111" mi="0" ci="4" mb="0" cb="2"/><line nr="112" mi="0" ci="4" mb="0" cb="0"/><line nr="114" mi="0" ci="3" mb="0" cb="0"/><line nr="116" mi="0" ci="1" mb="0" cb="0"/><counter type="INSTRUCTION" missed="0" covered="161"/><counter type="BRANCH" missed="0" covered="4"/><counter type="LINE" missed="0" covered="44"/><counter type="COMPLEXITY" missed="0" covered="19"/><counter type="METHOD" missed="0" covered="17"/><counter type="CLASS" missed="0" covered="1"/></sourcefile><sourcefile name="Paseo.java"><line nr="17" mi="0" ci="2" mb="0" cb="0"/><line nr="18" mi="0" ci="3" mb="0" cb="0"/><line nr="19" mi="0" ci="3" mb="0" cb="0"/><line nr="20" mi="0" ci="3" mb="0" cb="0"/><line nr="21" mi="0" ci="3" mb="0" cb="0"/><line nr="22" mi="0" ci="3" mb="0" cb="0"/><line nr="23" mi="0" ci="3" mb="0" cb="0"/><line nr="24" mi="0" ci="3" mb="0" cb="0"/><line nr="25" mi="0" ci="3" mb="0" cb="0"/><line nr="26" mi="0" ci="1" mb="0" cb="0"/><line nr="28" mi="0" ci="2" mb="0" cb="0"/><line nr="29" mi="0" ci="5" mb="0" cb="0"/><line nr="30" mi="0" ci="5" mb="0" cb="0"/><line nr="31" mi="0" ci="3" mb="0" cb="0"/><line nr="32" mi="0" ci="3" mb="0" cb="0"/><line nr="33" mi="0" ci="3" mb="0" cb="0"/><line nr="34" mi="0" ci="5" mb="0" cb="0"/><line nr="35" mi="0" ci="3" mb="0" cb="0"/><line nr="36" mi="0" ci="3" mb="0" cb="0"/><line nr="37" mi="0" ci="1" mb="0" cb="0"/><line nr="40" mi="0" ci="3" mb="0" cb="0"/><line nr="44" mi="0" ci="3" mb="0" cb="0"/><line nr="45" mi="0" ci="1" mb="0" cb="0"/><line nr="49" mi="0" ci="3" mb="0" cb="0"/><line nr="54" mi="0" ci="3" mb="0" cb="0"/><line nr="55" mi="0" ci="1" mb="0" cb="0"/><line nr="58" mi="0" ci="3" mb="0" cb="0"/><line nr="62" mi="0" ci="4" mb="0" cb="2"/><line nr="63" mi="0" ci="4" mb="0" cb="0"/><line nr="65" mi="0" ci="3" mb="0" cb="0"/><line nr="67" mi="0" ci="1" mb="0" cb="0"/><line nr="71" mi="0" ci="3" mb="0" cb="0"/><line nr="76" mi="0" ci="3" mb="0" cb="0"/><line nr="77" mi="0" ci="1" mb="0" cb="0"/><line nr="81" mi="0" ci="3" mb="0" cb="0"/><line nr="86" mi="0" ci="3" mb="0" cb="0"/><line nr="87" mi="0" ci="1" mb="0" cb="0"/><line nr="91" mi="0" ci="3" mb="0" cb="0"/><line nr="96" mi="0" ci="3" mb="0" cb="0"/><line nr="97" mi="0" ci="1" mb="0" cb="0"/><line nr="101" mi="0" ci="3" mb="0" cb="0"/><line nr="105" mi="0" ci="3" mb="0" cb="0"/><line nr="106" mi="0" ci="1" mb="0" cb="0"/><line nr="110" mi="0" ci="42" mb="0" cb="0"/><line nr="115" mi="0" ci="3" mb="0" cb="0"/><line nr="120" mi="0" ci="4" mb="0" cb="2"/><line nr="121" mi="0" ci="4" mb="0" cb="0"/><line nr="123" mi="0" ci="3" mb="0" cb="0"/><line nr="125" mi="0" ci="1" mb="0" cb="0"/><counter type="INSTRUCTION" missed="0" covered="174"/><counter type="BRANCH" missed="0" covered="4"/><counter type="LINE" missed="0" covered="49"/><counter type="COMPLEXITY" missed="0" covered="21"/><counter type="METHOD" missed="0" covered="19"/><counter type="CLASS" missed="0" covered="1"/></sourcefile><sourcefile name="VisitaVeterinaria.java"><line nr="25" mi="0" ci="2" mb="0" cb="0"/><line nr="26" mi="0" ci="3" mb="0" cb="0"/><line nr="27" mi="0" ci="3" mb="0" cb="0"/><line nr="28" mi="0" ci="5" mb="0" cb="0"/><line nr="29" mi="0" ci="5" mb="0" cb="0"/><line nr="30" mi="0" ci="3" mb="0" cb="0"/><line nr="31" mi="0" ci="5" mb="0" cb="0"/><line nr="32" mi="0" ci="5" mb="0" cb="0"/><line nr="33" mi="0" ci="3" mb="0" cb="0"/><line nr="34" mi="0" ci="1" mb="0" cb="0"/><line nr="36" mi="0" ci="2" mb="0" cb="0"/><line nr="37" mi="0" ci="3" mb="0" cb="0"/><line nr="38" mi="0" ci="3" mb="0" cb="0"/><line nr="39" mi="0" ci="3" mb="0" cb="0"/><line nr="40" mi="0" ci="3" mb="0" cb="0"/><line nr="41" mi="0" ci="3" mb="0" cb="0"/><line nr="42" mi="0" ci="3" mb="0" cb="0"/><line nr="43" mi="0" ci="3" mb="0" cb="0"/><line nr="44" mi="0" ci="3" mb="0" cb="0"/><line nr="45" mi="0" ci="1" mb="0" cb="0"/><line nr="48" mi="0" ci="3" mb="0" cb="0"/><line nr="52" mi="0" ci="4" mb="0" cb="2"/><line nr="53" mi="0" ci="4" mb="0" cb="0"/><line nr="55" mi="0" ci="3" mb="0" cb="0"/><line nr="57" mi="0" ci="1" mb="0" cb="0"/><line nr="60" mi="0" ci="3" mb="0" cb="0"/><line nr="64" mi="0" ci="3" mb="0" cb="0"/><line nr="65" mi="0" ci="1" mb="0" cb="0"/><line nr="69" mi="0" ci="3" mb="0" cb="0"/><line nr="73" mi="0" ci="4" mb="0" cb="2"/><line nr="74" mi="0" ci="4" mb="0" cb="0"/><line nr="76" mi="0" ci="3" mb="0" cb="0"/><line nr="78" mi="0" ci="1" mb="0" cb="0"/><line nr="82" mi="0" ci="3" mb="0" cb="0"/><line nr="87" mi="0" ci="3" mb="0" cb="0"/><line nr="88" mi="0" ci="1" mb="0" cb="0"/><line nr="92" mi="0" ci="3" mb="0" cb="0"/><line nr="97" mi="0" ci="3" mb="0" cb="0"/><line nr="98" mi="0" ci="1" mb="0" cb="0"/><line nr="102" mi="0" ci="3" mb="0" cb="0"/><line nr="107" mi="0" ci="3" mb="0" cb="0"/><line nr="108" mi="0" ci="1" mb="0" cb="0"/><line nr="112" mi="0" ci="3" mb="0" cb="0"/><line nr="117" mi="0" ci="3" mb="0" cb="0"/><line nr="118" mi="0" ci="3" mb="0" cb="2"/><line nr="119" mi="0" ci="4" mb="0" cb="0"/><line nr="120" mi="0" ci="1" mb="0" cb="0"/><line nr="124" mi="0" ci="3" mb="0" cb="0"/><line nr="129" mi="0" ci="3" mb="0" cb="0"/><line nr="130" mi="0" ci="1" mb="0" cb="0"/><line nr="134" mi="0" ci="42" mb="0" cb="0"/><counter type="INSTRUCTION" missed="0" covered="183"/><counter type="BRANCH" missed="0" covered="6"/><counter type="LINE" missed="0" covered="51"/><counter type="COMPLEXITY" missed="0" covered="22"/><counter type="METHOD" missed="0" covered="19"/><counter type="CLASS" missed="0" covered="1"/></sourcefile><sourcefile name="ActividadCualquiera.java"><line nr="14" mi="0" ci="2" mb="0" cb="0"/><line nr="15" mi="0" ci="3" mb="0" cb="0"/><line nr="16" mi="0" ci="3" mb="0" cb="0"/><line nr="17" mi="0" ci="3" mb="0" cb="0"/><line nr="18" mi="0" ci="3" mb="0" cb="0"/><line nr="19" mi="0" ci="3" mb="0" cb="0"/><line nr="20" mi="0" ci="3" mb="0" cb="0"/><line nr="21" mi="0" ci="1" mb="0" cb="0"/><line nr="23" mi="0" ci="2" mb="0" cb="0"/><line nr="24" mi="0" ci="5" mb="0" cb="0"/><line nr="25" mi="0" ci="5" mb="0" cb="0"/><line nr="26" mi="0" ci="3" mb="0" cb="0"/><line nr="27" mi="0" ci="3" mb="0" cb="0"/><line nr="28" mi="0" ci="3" mb="0" cb="0"/><line nr="29" mi="0" ci="5" mb="0" cb="0"/><line nr="30" mi="0" ci="1" mb="0" cb="0"/><line nr="34" mi="0" ci="3" mb="0" cb="0"/><line nr="39" mi="0" ci="3" mb="0" cb="0"/><line nr="40" mi="0" ci="1" mb="0" cb="0"/><line nr="44" mi="0" ci="4" mb="0" cb="2"/><line nr="45" mi="0" ci="4" mb="0" cb="0"/><line nr="47" mi="0" ci="3" mb="0" cb="0"/><line nr="49" mi="0" ci="1" mb="0" cb="0"/><line nr="53" mi="0" ci="3" mb="0" cb="0"/><line nr="58" mi="0" ci="3" mb="0" cb="0"/><line nr="59" mi="0" ci="1" mb="0" cb="0"/><line nr="63" mi="0" ci="3" mb="0" cb="0"/><line nr="68" mi="0" ci="3" mb="0" cb="0"/><line nr="69" mi="0" ci="1" mb="0" cb="0"/><line nr="73" mi="0" ci="3" mb="0" cb="0"/><line nr="78" mi="0" ci="3" mb="0" cb="0"/><line nr="79" mi="0" ci="1" mb="0" cb="0"/><line nr="83" mi="0" ci="3" mb="0" cb="0"/><line nr="88" mi="0" ci="3" mb="0" cb="0"/><line nr="89" mi="0" ci="1" mb="0" cb="0"/><line nr="93" mi="0" ci="37" mb="0" cb="0"/><line nr="98" mi="0" ci="3" mb="0" cb="0"/><counter type="INSTRUCTION" missed="0" covered="135"/><counter type="BRANCH" missed="0" covered="2"/><counter type="LINE" missed="0" covered="37"/><counter type="COMPLEXITY" missed="0" covered="16"/><counter type="METHOD" missed="0" covered="15"/><counter type="CLASS" missed="0" covered="1"/></sourcefile><sourcefile name="Usuario.java"><line nr="11" mi="0" ci="2" mb="0" cb="0"/><line nr="12" mi="0" ci="3" mb="0" cb="0"/><line nr="13" mi="0" ci="3" mb="0" cb="0"/><line nr="14" mi="0" ci="5" mb="0" cb="0"/><line nr="15" mi="0" ci="1" mb="0" cb="0"/><line nr="17" mi="0" ci="2" mb="0" cb="0"/><line nr="18" mi="0" ci="3" mb="0" cb="0"/><line nr="19" mi="0" ci="3" mb="0" cb="0"/><line nr="20" mi="0" ci="5" mb="0" cb="0"/><line nr="21" mi="0" ci="1" mb="0" cb="0"/><line nr="24" mi="0" ci="3" mb="0" cb="0"/><line nr="28" mi="0" ci="3" mb="0" cb="0"/><line nr="32" mi="0" ci="4" mb="0" cb="2"/><line nr="33" mi="0" ci="4" mb="0" cb="0"/><line nr="35" mi="0" ci="3" mb="0" cb="0"/><line nr="37" mi="0" ci="1" mb="0" cb="0"/><line nr="40" mi="0" ci="3" mb="0" cb="0"/><line nr="44" mi="0" ci="4" mb="0" cb="2"/><line nr="45" mi="0" ci="4" mb="0" cb="0"/><line nr="47" mi="0" ci="3" mb="0" cb="0"/><line nr="49" mi="0" ci="1" mb="0" cb="0"/><line nr="52" mi="0" ci="5" mb="0" cb="0"/><line nr="53" mi="0" ci="1" mb="0" cb="0"/><line nr="57" mi="0" ci="17" mb="0" cb="0"/><counter type="INSTRUCTION" missed="0" covered="84"/><counter type="BRANCH" missed="0" covered="4"/><counter type="LINE" missed="0" covered="24"/><counter type="COMPLEXITY" missed="0" covered="11"/><counter type="METHOD" missed="0" covered="9"/><counter type="CLASS" missed="0" covered="1"/></sourcefile><sourcefile name="Veterinaria.java"><line nr="21" mi="0" ci="2" mb="0" cb="0"/><line nr="22" mi="0" ci="3" mb="0" cb="0"/><line nr="23" mi="0" ci="5" mb="0" cb="0"/><line nr="24" mi="0" ci="3" mb="0" cb="0"/><line nr="25" mi="0" ci="3" mb="0" cb="0"/><line nr="26" mi="0" ci="1" mb="0" cb="0"/><line nr="28" mi="0" ci="2" mb="0" cb="0"/><line nr="29" mi="0" ci="3" mb="0" cb="0"/><line nr="30" mi="0" ci="3" mb="0" cb="0"/><line nr="31" mi="0" ci="3" mb="0" cb="0"/><line nr="32" mi="0" ci="3" mb="0" cb="0"/><line nr="33" mi="0" ci="1" mb="0" cb="0"/><line nr="36" mi="0" ci="3" mb="0" cb="0"/><line nr="40" mi="0" ci="4" mb="0" cb="2"/><line nr="41" mi="0" ci="4" mb="0" cb="0"/><line nr="43" mi="0" ci="3" mb="0" cb="0"/><line nr="45" mi="0" ci="1" mb="0" cb="0"/><line nr="48" mi="0" ci="3" mb="0" cb="0"/><line nr="52" mi="0" ci="3" mb="0" cb="0"/><line nr="53" mi="0" ci="1" mb="0" cb="0"/><line nr="56" mi="0" ci="4" mb="0" cb="0"/><line nr="57" mi="0" ci="8" mb="0" cb="4"/><line nr="58" mi="0" ci="3" mb="0" cb="0"/><line nr="59" mi="0" ci="9" mb="0" cb="2"/><line nr="60" mi="0" ci="6" mb="0" cb="0"/><line nr="61" mi="0" ci="18" mb="0" cb="6"/><line nr="62" mi="0" ci="5" mb="0" cb="2"/><line nr="63" mi="0" ci="2" mb="0" cb="0"/><line nr="67" mi="0" ci="5" mb="0" cb="0"/><line nr="68" mi="0" ci="3" mb="0" cb="0"/><line nr="69" mi="0" ci="1" mb="0" cb="0"/><line nr="70" mi="0" ci="2" mb="0" cb="0"/><line nr="72" mi="0" ci="2" mb="0" cb="0"/><line nr="76" mi="0" ci="5" mb="0" cb="2"/><line nr="77" mi="0" ci="5" mb="0" cb="0"/><line nr="79" mi="0" ci="1" mb="0" cb="0"/><line nr="83" mi="0" ci="3" mb="0" cb="0"/><line nr="87" mi="0" ci="2" mb="0" cb="2"/><line nr="88" mi="0" ci="4" mb="0" cb="0"/><line nr="90" mi="0" ci="3" mb="0" cb="2"/><line nr="91" mi="0" ci="4" mb="0" cb="0"/><line nr="93" mi="0" ci="3" mb="0" cb="0"/><line nr="97" mi="0" ci="1" mb="0" cb="0"/><line nr="100" mi="0" ci="3" mb="0" cb="0"/><line nr="104" mi="0" ci="2" mb="0" cb="2"/><line nr="105" mi="0" ci="4" mb="0" cb="0"/><line nr="107" mi="0" ci="3" mb="0" cb="2"/><line nr="108" mi="0" ci="4" mb="0" cb="0"/><line nr="110" mi="0" ci="3" mb="0" cb="0"/><line nr="113" mi="0" ci="1" mb="0" cb="0"/><line nr="117" mi="0" ci="27" mb="0" cb="0"/><counter type="INSTRUCTION" missed="0" covered="200"/><counter type="BRANCH" missed="0" covered="26"/><counter type="LINE" missed="0" covered="51"/><counter type="COMPLEXITY" missed="0" covered="26"/><counter type="METHOD" missed="0" covered="13"/><counter type="CLASS" missed="0" covered="1"/></sourcefile><sourcefile name="Actividad.java"><line nr="5" mi="3" ci="0" mb="0" cb="0"/><counter type="INSTRUCTION" missed="3" covered="0"/><counter type="LINE" missed="1" covered="0"/><counter type="COMPLEXITY" missed="1" covered="0"/><counter type="METHOD" missed="1" covered="0"/><counter type="CLASS" missed="1" covered="0"/></sourcefile><sourcefile name="Perro.java"><line nr="13" mi="0" ci="2" mb="0" cb="0"/><line nr="14" mi="0" ci="3" mb="0" cb="0"/><line nr="15" mi="0" ci="3" mb="0" cb="0"/><line nr="16" mi="0" ci="3" mb="0" cb="0"/><line nr="17" mi="0" ci="3" mb="0" cb="0"/><line nr="18" mi="0" ci="3" mb="0" cb="0"/><line nr="19" mi="0" ci="1" mb="0" cb="0"/><line nr="21" mi="0" ci="2" mb="0" cb="0"/><line nr="22" mi="0" ci="3" mb="0" cb="0"/><line nr="23" mi="0" ci="3" mb="0" cb="0"/><line nr="24" mi="0" ci="3" mb="0" cb="0"/><line nr="25" mi="0" ci="3" mb="0" cb="0"/><line nr="26" mi="0" ci="3" mb="0" cb="0"/><line nr="27" mi="0" ci="1" mb="0" cb="0"/><line nr="30" mi="0" ci="3" mb="0" cb="0"/><line nr="34" mi="0" ci="4" mb="0" cb="2"/><line nr="35" mi="0" ci="4" mb="0" cb="0"/><line nr="37" mi="0" ci="3" mb="0" cb="0"/><line nr="40" mi="0" ci="1" mb="0" cb="0"/><line nr="43" mi="0" ci="3" mb="0" cb="0"/><line nr="47" mi="0" ci="4" mb="0" cb="2"/><line nr="48" mi="0" ci="4" mb="0" cb="0"/><line nr="50" mi="0" ci="3" mb="0" cb="0"/><line nr="53" mi="0" ci="1" mb="0" cb="0"/><line nr="56" mi="0" ci="3" mb="0" cb="0"/><line nr="60" mi="0" ci="4" mb="0" cb="2"/><line nr="61" mi="0" ci="4" mb="0" cb="0"/><line nr="63" mi="0" ci="3" mb="0" cb="0"/><line nr="65" mi="0" ci="1" mb="0" cb="0"/><line nr="68" mi="0" ci="3" mb="0" cb="0"/><line nr="72" mi="0" ci="4" mb="0" cb="2"/><line nr="73" mi="0" ci="4" mb="0" cb="0"/><line nr="76" mi="0" ci="3" mb="0" cb="0"/><line nr="78" mi="0" ci="1" mb="0" cb="0"/><line nr="81" mi="0" ci="3" mb="0" cb="0"/><line nr="85" mi="0" ci="3" mb="0" cb="0"/><line nr="86" mi="0" ci="1" mb="0" cb="0"/><line nr="90" mi="0" ci="27" mb="0" cb="0"/><counter type="INSTRUCTION" missed="0" covered="130"/><counter type="BRANCH" missed="0" covered="8"/><counter type="LINE" missed="0" covered="38"/><counter type="COMPLEXITY" missed="0" covered="17"/><counter type="METHOD" missed="0" covered="13"/><counter type="CLASS" missed="0" covered="1"/></sourcefile><sourcefile name="Sistema.java"><line nr="20" mi="0" ci="2" mb="0" cb="0"/><line nr="21" mi="0" ci="5" mb="0" cb="0"/><line nr="22" mi="0" ci="5" mb="0" cb="0"/><line nr="23" mi="0" ci="5" mb="0" cb="0"/><line nr="24" mi="0" ci="5" mb="0" cb="0"/><line nr="25" mi="0" ci="5" mb="0" cb="0"/><line nr="26" mi="0" ci="5" mb="0" cb="0"/><line nr="27" mi="0" ci="5" mb="0" cb="0"/><line nr="28" mi="0" ci="5" mb="0" cb="0"/><line nr="29" mi="0" ci="5" mb="0" cb="0"/><line nr="30" mi="0" ci="1" mb="0" cb="0"/><line nr="33" mi="0" ci="4" mb="0" cb="0"/><line nr="34" mi="0" ci="14" mb="0" cb="10"/><line nr="35" mi="0" ci="9" mb="0" cb="2"/><line nr="36" mi="0" ci="6" mb="0" cb="0"/><line nr="37" mi="0" ci="15" mb="0" cb="6"/><line nr="38" mi="0" ci="4" mb="0" cb="0"/><line nr="42" mi="0" ci="2" mb="0" cb="0"/><line nr="46" mi="0" ci="3" mb="0" cb="0"/><line nr="50" mi="0" ci="3" mb="0" cb="0"/><line nr="51" mi="0" ci="1" mb="0" cb="0"/><line nr="54" mi="0" ci="3" mb="0" cb="0"/><line nr="55" mi="0" ci="1" mb="0" cb="0"/><line nr="58" mi="0" ci="3" mb="0" cb="0"/><line nr="62" mi="0" ci="3" mb="0" cb="0"/><line nr="63" mi="0" ci="1" mb="0" cb="0"/><line nr="66" mi="0" ci="3" mb="0" cb="0"/><line nr="70" mi="0" ci="3" mb="0" cb="0"/><line nr="74" mi="0" ci="5" mb="0" cb="0"/><line nr="75" mi="0" ci="1" mb="0" cb="0"/><line nr="78" mi="0" ci="5" mb="0" cb="2"/><line nr="79" mi="0" ci="6" mb="0" cb="0"/><line nr="81" mi="0" ci="3" mb="0" cb="0"/><line nr="83" mi="0" ci="1" mb="0" cb="0"/><line nr="86" mi="0" ci="5" mb="0" cb="0"/><line nr="87" mi="0" ci="1" mb="0" cb="0"/><line nr="90" mi="0" ci="5" mb="0" cb="2"/><line nr="91" mi="0" ci="6" mb="0" cb="0"/><line nr="93" mi="0" ci="3" mb="0" cb="0"/><line nr="95" mi="0" ci="1" mb="0" cb="0"/><line nr="98" mi="0" ci="5" mb="0" cb="0"/><line nr="99" mi="0" ci="4" mb="0" cb="0"/><line nr="100" mi="0" ci="1" mb="0" cb="0"/><line nr="103" mi="0" ci="5" mb="0" cb="2"/><line nr="104" mi="0" ci="6" mb="0" cb="0"/><line nr="106" mi="0" ci="3" mb="0" cb="0"/><line nr="108" mi="0" ci="1" mb="0" cb="0"/><line nr="111" mi="0" ci="5" mb="0" cb="0"/><line nr="112" mi="0" ci="1" mb="0" cb="0"/><line nr="115" mi="0" ci="5" mb="0" cb="2"/><line nr="116" mi="0" ci="6" mb="0" cb="0"/><line nr="118" mi="0" ci="3" mb="0" cb="0"/><line nr="120" mi="0" ci="1" mb="0" cb="0"/><line nr="123" mi="0" ci="9" mb="0" cb="2"/><line nr="124" mi="0" ci="9" mb="0" cb="2"/><line nr="125" mi="0" ci="6" mb="0" cb="0"/><line nr="128" mi="0" ci="2" mb="0" cb="0"/><line nr="132" mi="0" ci="9" mb="0" cb="2"/><line nr="133" mi="0" ci="9" mb="0" cb="2"/><line nr="134" mi="0" ci="6" mb="0" cb="0"/><line nr="137" mi="0" ci="2" mb="0" cb="0"/><line nr="141" mi="0" ci="9" mb="0" cb="2"/><line nr="142" mi="0" ci="9" mb="0" cb="2"/><line nr="143" mi="0" ci="6" mb="0" cb="0"/><line nr="146" mi="0" ci="2" mb="0" cb="0"/><line nr="150" mi="0" ci="9" mb="0" cb="2"/><line nr="151" mi="0" ci="9" mb="0" cb="2"/><line nr="152" mi="0" ci="6" mb="0" cb="0"/><line nr="155" mi="0" ci="2" mb="0" cb="0"/><line nr="159" mi="0" ci="9" mb="0" cb="2"/><line nr="160" mi="0" ci="9" mb="0" cb="2"/><line nr="161" mi="0" ci="6" mb="0" cb="0"/><line nr="164" mi="0" ci="2" mb="0" cb="0"/><line nr="168" mi="0" ci="9" mb="0" cb="2"/><line nr="169" mi="0" ci="9" mb="0" cb="2"/><line nr="170" mi="0" ci="6" mb="0" cb="0"/><line nr="173" mi="0" ci="2" mb="0" cb="0"/><line nr="177" mi="0" ci="9" mb="0" cb="2"/><line nr="178" mi="0" ci="9" mb="0" cb="2"/><line nr="179" mi="0" ci="6" mb="0" cb="0"/><line nr="182" mi="0" ci="2" mb="0" cb="0"/><line nr="186" mi="0" ci="3" mb="0" cb="0"/><line nr="190" mi="0" ci="3" mb="0" cb="0"/><line nr="191" mi="0" ci="1" mb="0" cb="0"/><line nr="194" mi="0" ci="3" mb="0" cb="0"/><line nr="198" mi="0" ci="3" mb="0" cb="0"/><line nr="199" mi="0" ci="1" mb="0" cb="0"/><line nr="202" mi="0" ci="3" mb="0" cb="0"/><line nr="206" mi="0" ci="3" mb="0" cb="0"/><line nr="207" mi="0" ci="1" mb="0" cb="0"/><line nr="210" mi="0" ci="3" mb="0" cb="0"/><line nr="214" mi="0" ci="3" mb="0" cb="0"/><line nr="215" mi="0" ci="1" mb="0" cb="0"/><line nr="218" mi="0" ci="3" mb="0" cb="0"/><line nr="222" mi="0" ci="3" mb="0" cb="0"/><line nr="223" mi="0" ci="1" mb="0" cb="0"/><counter type="INSTRUCTION" missed="0" covered="431"/><counter type="BRANCH" missed="0" covered="54"/><counter type="LINE" missed="0" covered="96"/><counter type="COMPLEXITY" missed="0" covered="61"/><counter type="METHOD" missed="0" covered="34"/><counter type="CLASS" missed="0" covered="1"/></sourcefile><counter type="INSTRUCTION" missed="17" covered="1701"/><counter type="BRANCH" missed="0" covered="146"/><counter type="LINE" missed="5" covered="446"/><counter type="COMPLEXITY" missed="3" covered="224"/><counter type="METHOD" missed="3" covered="151"/><counter type="CLASS" missed="2" covered="9"/></package><package name="interfaz"><class name="interfaz/VentanaPrincipal$9"><method name="&lt;init&gt;" desc="(Linterfaz/VentanaPrincipal;)V" line="353"><counter type="INSTRUCTION" missed="6" covered="0"/><counter type="LINE" missed="1" covered="0"/><counter type="COMPLEXITY" missed="1" covered="0"/><counter type="METHOD" missed="1" covered="0"/></method><method name="actionPerformed" desc="(Ljava/awt/event/ActionEvent;)V" line="355"><counter type="INSTRUCTION" missed="5" covered="0"/><counter type="LINE" missed="2" covered="0"/><counter type="COMPLEXITY" missed="1" covered="0"/><counter type="METHOD" missed="1" covered="0"/></method><counter type="INSTRUCTION" missed="11" covered="0"/><counter type="LINE" missed="3" covered="0"/><counter type="COMPLEXITY" missed="2" covered="0"/><counter type="METHOD" missed="2" covered="0"/><counter type="CLASS" missed="1" covered="0"/></class><class name="interfaz/VentanaPrincipal$19"><method name="&lt;init&gt;" desc="(Linterfaz/VentanaPrincipal;)V" line="699"><counter type="INSTRUCTION" missed="6" covered="0"/><counter type="LINE" missed="1" covered="0"/><counter type="COMPLEXITY" missed="1" covered="0"/><counter type="METHOD" missed="1" covered="0"/></method><method name="actionPerformed" desc="(Ljava/awt/event/ActionEvent;)V" line="701"><counter type="INSTRUCTION" missed="5" covered="0"/><counter type="LINE" missed="2" covered="0"/><counter type="COMPLEXITY" missed="1" covered="0"/><counter type="METHOD" missed="1" covered="0"/></method><counter type="INSTRUCTION" missed="11" covered="0"/><counter type="LINE" missed="3" covered="0"/><counter type="COMPLEXITY" missed="2" covered="0"/><counter type="METHOD" missed="2" covered="0"/><counter type="CLASS" missed="1" covered="0"/></class><class name="interfaz/VentanaPrincipal$18"><method name="&lt;init&gt;" desc="(Linterfaz/VentanaPrincipal;)V" line="689"><counter type="INSTRUCTION" missed="6" covered="0"/><counter type="LINE" missed="1" covered="0"/><counter type="COMPLEXITY" missed="1" covered="0"/><counter type="METHOD" missed="1" covered="0"/></method><method name="actionPerformed" desc="(Ljava/awt/event/ActionEvent;)V" line="691"><counter type="INSTRUCTION" missed="5" covered="0"/><counter type="LINE" missed="2" covered="0"/><counter type="COMPLEXITY" missed="1" covered="0"/><counter type="METHOD" missed="1" covered="0"/></method><counter type="INSTRUCTION" missed="11" covered="0"/><counter type="LINE" missed="3" covered="0"/><counter type="COMPLEXITY" missed="2" covered="0"/><counter type="METHOD" missed="2" covered="0"/><counter type="CLASS" missed="1" covered="0"/></class><class name="interfaz/VentanaPrincipal$1"><method name="&lt;init&gt;" desc="(Linterfaz/VentanaPrincipal;)V" line="231"><counter type="INSTRUCTION" missed="6" covered="0"/><counter type="LINE" missed="1" covered="0"/><counter type="COMPLEXITY" missed="1" covered="0"/><counter type="METHOD" missed="1" covered="0"/></method><method name="mouseClicked" desc="(Ljava/awt/event/MouseEvent;)V" line="233"><counter type="INSTRUCTION" missed="5" covered="0"/><counter type="LINE" missed="2" covered="0"/><counter type="COMPLEXITY" missed="1" covered="0"/><counter type="METHOD" missed="1" covered="0"/></method><counter type="INSTRUCTION" missed="11" covered="0"/><counter type="LINE" missed="3" covered="0"/><counter type="COMPLEXITY" missed="2" covered="0"/><counter type="METHOD" missed="2" covered="0"/><counter type="CLASS" missed="1" covered="0"/></class><class name="interfaz/VentanaPrincipal$17"><method name="&lt;init&gt;" desc="(Linterfaz/VentanaPrincipal;)V" line="507"><counter type="INSTRUCTION" missed="6" covered="0"/><counter type="LINE" missed="1" covered="0"/><counter type="COMPLEXITY" missed="1" covered="0"/><counter type="METHOD" missed="1" covered="0"/></method><method name="actionPerformed" desc="(Ljava/awt/event/ActionEvent;)V" line="509"><counter type="INSTRUCTION" missed="5" covered="0"/><counter type="LINE" missed="2" covered="0"/><counter type="COMPLEXITY" missed="1" covered="0"/><counter type="METHOD" missed="1" covered="0"/></method><counter type="INSTRUCTION" missed="11" covered="0"/><counter type="LINE" missed="3" covered="0"/><counter type="COMPLEXITY" missed="2" covered="0"/><counter type="METHOD" missed="2" covered="0"/><counter type="CLASS" missed="1" covered="0"/></class><class name="interfaz/VentanaPrincipal$16"><method name="&lt;init&gt;" desc="(Linterfaz/VentanaPrincipal;)V" line="500"><counter type="INSTRUCTION" missed="6" covered="0"/><counter type="LINE" missed="1" covered="0"/><counter type="COMPLEXITY" missed="1" covered="0"/><counter type="METHOD" missed="1" covered="0"/></method><method name="actionPerformed" desc="(Ljava/awt/event/ActionEvent;)V" line="502"><counter type="INSTRUCTION" missed="5" covered="0"/><counter type="LINE" missed="2" covered="0"/><counter type="COMPLEXITY" missed="1" covered="0"/><counter type="METHOD" missed="1" covered="0"/></method><counter type="INSTRUCTION" missed="11" covered="0"/><counter type="LINE" missed="3" covered="0"/><counter type="COMPLEXITY" missed="2" covered="0"/><counter type="METHOD" missed="2" covered="0"/><counter type="CLASS" missed="1" covered="0"/></class><class name="interfaz/VentanaPrincipal$2"><method name="&lt;init&gt;" desc="(Linterfaz/VentanaPrincipal;)V" line="244"><counter type="INSTRUCTION" missed="6" covered="0"/><counter type="LINE" missed="1" covered="0"/><counter type="COMPLEXITY" missed="1" covered="0"/><counter type="METHOD" missed="1" covered="0"/></method><method name="propertyChange" desc="(Ljava/beans/PropertyChangeEvent;)V" line="246"><counter type="INSTRUCTION" missed="5" covered="0"/><counter type="LINE" missed="2" covered="0"/><counter type="COMPLEXITY" missed="1" covered="0"/><counter type="METHOD" missed="1" covered="0"/></method><counter type="INSTRUCTION" missed="11" covered="0"/><counter type="LINE" missed="3" covered="0"/><counter type="COMPLEXITY" missed="2" covered="0"/><counter type="METHOD" missed="2" covered="0"/><counter type="CLASS" missed="1" covered="0"/></class><class name="interfaz/VentanaFotoRuta"><method name="&lt;init&gt;" desc="(Ldominio/Paseo;)V" line="26"><counter type="INSTRUCTION" missed="16" covered="0"/><counter type="BRANCH" missed="2" covered="0"/><counter type="LINE" missed="6" covered="0"/><counter type="COMPLEXITY" missed="2" covered="0"/><counter type="METHOD" missed="1" covered="0"/></method><method name="crearIcono" desc="(Ljava/lang/String;I)Ljavax/swing/ImageIcon;" line="35"><counter type="INSTRUCTION" missed="22" covered="0"/><counter type="LINE" missed="6" covered="0"/><counter type="COMPLEXITY" missed="1" covered="0"/><counter type="METHOD" missed="1" covered="0"/></method><method name="initComponents" desc="()V" line="53"><counter type="INSTRUCTION" missed="129" covered="0"/><counter type="LINE" missed="35" covered="0"/><counter type="COMPLEXITY" missed="1" covered="0"/><counter type="METHOD" missed="1" covered="0"/></method><method name="formWindowClosing" desc="(Ljava/awt/event/WindowEvent;)V" line="104"><counter type="INSTRUCTION" missed="1" covered="0"/><counter type="LINE" missed="1" covered="0"/><counter type="COMPLEXITY" missed="1" covered="0"/><counter type="METHOD" missed="1" covered="0"/></method><counter type="INSTRUCTION" missed="168" covered="0"/><counter type="BRANCH" missed="2" covered="0"/><counter type="LINE" missed="48" covered="0"/><counter type="COMPLEXITY" missed="5" covered="0"/><counter type="METHOD" missed="4" covered="0"/><counter type="CLASS" missed="1" covered="0"/></class><class name="interfaz/VentanaPrincipal$15"><method name="&lt;init&gt;" desc="(Linterfaz/VentanaPrincipal;)V" line="456"><counter type="INSTRUCTION" missed="6" covered="0"/><counter type="LINE" missed="1" covered="0"/><counter type="COMPLEXITY" missed="1" covered="0"/><counter type="METHOD" missed="1" covered="0"/></method><method name="actionPerformed" desc="(Ljava/awt/event/ActionEvent;)V" line="458"><counter type="INSTRUCTION" missed="5" covered="0"/><counter type="LINE" missed="2" covered="0"/><counter type="COMPLEXITY" missed="1" covered="0"/><counter type="METHOD" missed="1" covered="0"/></method><counter type="INSTRUCTION" missed="11" covered="0"/><counter type="LINE" missed="3" covered="0"/><counter type="COMPLEXITY" missed="2" covered="0"/><counter type="METHOD" missed="2" covered="0"/><counter type="CLASS" missed="1" covered="0"/></class><class name="interfaz/VentanaPrincipal$3"><method name="&lt;init&gt;" desc="(Linterfaz/VentanaPrincipal;)V" line="255"><counter type="INSTRUCTION" missed="6" covered="0"/><counter type="LINE" missed="1" covered="0"/><counter 
[...]
0" cb="0"/><line nr="1409" mi="4" ci="0" mb="0" cb="0"/><line nr="1410" mi="6" ci="0" mb="0" cb="0"/><line nr="1411" mi="6" ci="0" mb="0" cb="0"/><line nr="1412" mi="23" ci="0" mb="0" cb="0"/><line nr="1413" mi="4" ci="0" mb="0" cb="0"/><line nr="1414" mi="4" ci="0" mb="0" cb="0"/><line nr="1415" mi="9" ci="0" mb="0" cb="0"/><line nr="1416" mi="3" ci="0" mb="2" cb="0"/><line nr="1417" mi="9" ci="0" mb="0" cb="0"/><line nr="1419" mi="4" ci="0" mb="0" cb="0"/><line nr="1420" mi="7" ci="0" mb="0" cb="0"/><line nr="1421" mi="4" ci="0" mb="0" cb="0"/><line nr="1422" mi="6" ci="0" mb="0" cb="0"/><line nr="1423" mi="1" ci="0" mb="0" cb="0"/><line nr="1424" mi="5" ci="0" mb="0" cb="0"/><line nr="1425" mi="2" ci="0" mb="2" cb="0"/><line nr="1426" mi="3" ci="0" mb="2" cb="0"/><line nr="1427" mi="4" ci="0" mb="0" cb="0"/><line nr="1429" mi="4" ci="0" mb="0" cb="0"/><line nr="1430" mi="4" ci="0" mb="0" cb="0"/><line nr="1431" mi="6" ci="0" mb="0" cb="0"/><line nr="1432" mi="6" ci="0" mb="0" cb="0"/><line nr="1433" mi="23" ci="0" mb="0" cb="0"/><line nr="1434" mi="4" ci="0" mb="0" cb="0"/><line nr="1435" mi="4" ci="0" mb="0" cb="0"/><line nr="1436" mi="9" ci="0" mb="0" cb="0"/><line nr="1437" mi="3" ci="0" mb="2" cb="0"/><line nr="1438" mi="9" ci="0" mb="0" cb="0"/><line nr="1440" mi="4" ci="0" mb="0" cb="0"/><line nr="1441" mi="7" ci="0" mb="0" cb="0"/><line nr="1442" mi="5" ci="0" mb="0" cb="0"/><line nr="1443" mi="4" ci="0" mb="0" cb="0"/><line nr="1444" mi="4" ci="0" mb="0" cb="0"/><line nr="1445" mi="6" ci="0" mb="0" cb="0"/><line nr="1446" mi="1" ci="0" mb="0" cb="0"/><line nr="1447" mi="5" ci="0" mb="0" cb="0"/><line nr="1448" mi="2" ci="0" mb="2" cb="0"/><line nr="1449" mi="3" ci="0" mb="2" cb="0"/><line nr="1450" mi="4" ci="0" mb="0" cb="0"/><line nr="1452" mi="4" ci="0" mb="0" cb="0"/><line nr="1453" mi="4" ci="0" mb="0" cb="0"/><line nr="1454" mi="6" ci="0" mb="0" cb="0"/><line nr="1455" mi="6" ci="0" mb="0" cb="0"/><line nr="1456" mi="23" ci="0" mb="0" cb="0"/><line nr="1457" mi="4" ci="0" mb="0" cb="0"/><line nr="1458" mi="4" ci="0" mb="0" cb="0"/><line nr="1459" mi="9" ci="0" mb="0" cb="0"/><line nr="1460" mi="3" ci="0" mb="2" cb="0"/><line nr="1461" mi="9" ci="0" mb="0" cb="0"/><line nr="1463" mi="4" ci="0" mb="0" cb="0"/><line nr="1464" mi="7" ci="0" mb="0" cb="0"/><line nr="1465" mi="4" ci="0" mb="0" cb="0"/><line nr="1466" mi="6" ci="0" mb="0" cb="0"/><line nr="1467" mi="5" ci="0" mb="0" cb="0"/><line nr="1468" mi="4" ci="0" mb="0" cb="0"/><line nr="1469" mi="4" ci="0" mb="0" cb="0"/><line nr="1470" mi="6" ci="0" mb="0" cb="0"/><line nr="1471" mi="4" ci="0" mb="0" cb="0"/><line nr="1472" mi="6" ci="0" mb="0" cb="0"/><line nr="1473" mi="1" ci="0" mb="0" cb="0"/><line nr="1474" mi="5" ci="0" mb="0" cb="0"/><line nr="1475" mi="3" ci="0" mb="2" cb="0"/><line nr="1476" mi="4" ci="0" mb="0" cb="0"/><line nr="1478" mi="4" ci="0" mb="0" cb="0"/><line nr="1479" mi="4" ci="0" mb="0" cb="0"/><line nr="1480" mi="6" ci="0" mb="0" cb="0"/><line nr="1481" mi="6" ci="0" mb="0" cb="0"/><line nr="1482" mi="23" ci="0" mb="0" cb="0"/><line nr="1483" mi="4" ci="0" mb="0" cb="0"/><line nr="1484" mi="4" ci="0" mb="0" cb="0"/><line nr="1485" mi="9" ci="0" mb="0" cb="0"/><line nr="1486" mi="3" ci="0" mb="2" cb="0"/><line nr="1487" mi="9" ci="0" mb="0" cb="0"/><line nr="1489" mi="4" ci="0" mb="0" cb="0"/><line nr="1490" mi="7" ci="0" mb="0" cb="0"/><line nr="1491" mi="4" ci="0" mb="0" cb="0"/><line nr="1492" mi="4" ci="0" mb="0" cb="0"/><line nr="1493" mi="6" ci="0" mb="0" cb="0"/><line nr="1497" mi="4" ci="0" mb="0" cb="0"/><line nr="1498" mi="4" ci="0" mb="0" cb="0"/><line nr="1499" mi="1" ci="0" mb="0" cb="0"/><line nr="1503" mi="1" ci="0" mb="0" cb="0"/><line nr="1506" mi="8" ci="0" mb="0" cb="0"/><line nr="1507" mi="4" ci="0" mb="0" cb="0"/><line nr="1508" mi="17" ci="0" mb="0" cb="0"/><line nr="1509" mi="1" ci="0" mb="0" cb="0"/><line nr="1512" mi="4" ci="0" mb="0" cb="0"/><line nr="1513" mi="4" ci="0" mb="0" cb="0"/><line nr="1514" mi="4" ci="0" mb="0" cb="0"/><line nr="1515" mi="4" ci="0" mb="0" cb="0"/><line nr="1516" mi="1" ci="0" mb="0" cb="0"/><line nr="1519" mi="4" ci="0" mb="0" cb="0"/><line nr="1520" mi="4" ci="0" mb="0" cb="0"/><line nr="1521" mi="4" ci="0" mb="0" cb="0"/><line nr="1522" mi="4" ci="0" mb="0" cb="0"/><line nr="1523" mi="1" ci="0" mb="0" cb="0"/><line nr="1527" mi="1" ci="0" mb="0" cb="0"/><line nr="1530" mi="4" ci="0" mb="2" cb="0"/><line nr="1531" mi="5" ci="0" mb="0" cb="0"/><line nr="1533" mi="4" ci="0" mb="0" cb="0"/><line nr="1535" mi="1" ci="0" mb="0" cb="0"/><line nr="1538" mi="5" ci="0" mb="2" cb="0"/><line nr="1539" mi="4" ci="0" mb="2" cb="0"/><line nr="1540" mi="5" ci="0" mb="0" cb="0"/><line nr="1542" mi="5" ci="0" mb="0" cb="0"/><line nr="1545" mi="4" ci="0" mb="0" cb="0"/><line nr="1547" mi="5" ci="0" mb="2" cb="0"/><line nr="1548" mi="4" ci="0" mb="0" cb="0"/><line nr="1549" mi="5" ci="0" mb="0" cb="0"/><line nr="1551" mi="4" ci="0" mb="0" cb="0"/><line nr="1552" mi="4" ci="0" mb="0" cb="0"/><line nr="1553" mi="4" ci="0" mb="0" cb="0"/><line nr="1555" mi="8" ci="0" mb="4" cb="0"/><line nr="1556" mi="5" ci="0" mb="0" cb="0"/><line nr="1558" mi="4" ci="0" mb="0" cb="0"/><line nr="1560" mi="1" ci="0" mb="0" cb="0"/><line nr="1563" mi="4" ci="0" mb="0" cb="0"/><line nr="1564" mi="2" ci="0" mb="0" cb="0"/><line nr="1565" mi="4" ci="0" mb="2" cb="0"/><line nr="1566" mi="2" ci="0" mb="0" cb="0"/><line nr="1568" mi="4" ci="0" mb="2" cb="0"/><line nr="1569" mi="5" ci="0" mb="0" cb="0"/><line nr="1570" mi="4" ci="0" mb="2" cb="0"/><line nr="1571" mi="5" ci="0" mb="0" cb="0"/><line nr="1572" mi="4" ci="0" mb="2" cb="0"/><line nr="1573" mi="5" ci="0" mb="0" cb="0"/><line nr="1575" mi="8" ci="0" mb="0" cb="0"/><line nr="1576" mi="8" ci="0" mb="0" cb="0"/><line nr="1578" mi="7" ci="0" mb="2" cb="0"/><line nr="1579" mi="3" ci="0" mb="0" cb="0"/><line nr="1581" mi="11" ci="0" mb="0" cb="0"/><line nr="1582" mi="11" ci="0" mb="0" cb="0"/><line nr="1583" mi="6" ci="0" mb="0" cb="0"/><line nr="1585" mi="4" ci="0" mb="2" cb="0"/><line nr="1586" mi="8" ci="0" mb="0" cb="0"/><line nr="1587" mi="5" ci="0" mb="0" cb="0"/><line nr="1588" mi="13" ci="0" mb="0" cb="0"/><line nr="1589" mi="4" ci="0" mb="2" cb="0"/><line nr="1590" mi="4" ci="0" mb="0" cb="0"/><line nr="1591" mi="6" ci="0" mb="0" cb="0"/><line nr="1592" mi="4" ci="0" mb="2" cb="0"/><line nr="1593" mi="3" ci="0" mb="0" cb="0"/><line nr="1595" mi="4" ci="0" mb="0" cb="0"/><line nr="1596" mi="4" ci="0" mb="0" cb="0"/><line nr="1597" mi="4" ci="0" mb="0" cb="0"/><line nr="1598" mi="4" ci="0" mb="0" cb="0"/><line nr="1599" mi="4" ci="0" mb="0" cb="0"/><line nr="1600" mi="5" ci="0" mb="0" cb="0"/><line nr="1602" mi="9" ci="0" mb="0" cb="0"/><line nr="1603" mi="8" ci="0" mb="0" cb="0"/><line nr="1605" mi="1" ci="0" mb="0" cb="0"/><line nr="1606" mi="5" ci="0" mb="0" cb="0"/><line nr="1607" mi="4" ci="0" mb="2" cb="0"/><line nr="1608" mi="12" ci="0" mb="0" cb="0"/><line nr="1609" mi="6" ci="0" mb="0" cb="0"/><line nr="1610" mi="4" ci="0" mb="2" cb="0"/><line nr="1611" mi="3" ci="0" mb="0" cb="0"/><line nr="1613" mi="4" ci="0" mb="0" cb="0"/><line nr="1614" mi="6" ci="0" mb="0" cb="0"/><line nr="1615" mi="4" ci="0" mb="2" cb="0"/><line nr="1616" mi="3" ci="0" mb="0" cb="0"/><line nr="1618" mi="5" ci="0" mb="2" cb="0"/><line nr="1619" mi="6" ci="0" mb="0" cb="0"/><line nr="1620" mi="6" ci="0" mb="0" cb="0"/><line nr="1621" mi="3" ci="0" mb="0" cb="0"/><line nr="1623" mi="4" ci="0" mb="0" cb="0"/><line nr="1624" mi="4" ci="0" mb="0" cb="0"/><line nr="1625" mi="4" ci="0" mb="0" cb="0"/><line nr="1626" mi="4" ci="0" mb="0" cb="0"/><line nr="1627" mi="4" ci="0" mb="0" cb="0"/><line nr="1628" mi="1" ci="0" mb="0" cb="0"/><line nr="1629" mi="4" ci="0" mb="2" cb="0"/><line nr="1630" mi="4" ci="0" mb="0" cb="0"/><line nr="1631" mi="4" ci="0" mb="2" cb="0"/><line nr="1632" mi="5" ci="0" mb="0" cb="0"/><line nr="1634" mi="12" ci="0" mb="0" cb="0"/><line nr="1635" mi="4" ci="0" mb="0" cb="0"/><line nr="1636" mi="6" ci="0" mb="0" cb="0"/><line nr="1637" mi="4" ci="0" mb="2" cb="0"/><line nr="1638" mi="3" ci="0" mb="0" cb="0"/><line nr="1640" mi="4" ci="0" mb="0" cb="0"/><line nr="1641" mi="4" ci="0" mb="0" cb="0"/><line nr="1642" mi="4" ci="0" mb="0" cb="0"/><line nr="1643" mi="4" ci="0" mb="0" cb="0"/><line nr="1644" mi="4" ci="0" mb="0" cb="0"/><line nr="1646" mi="1" ci="0" mb="0" cb="0"/><line nr="1647" mi="11" ci="0" mb="0" cb="0"/><line nr="1648" mi="4" ci="0" mb="0" cb="0"/><line nr="1649" mi="6" ci="0" mb="0" cb="0"/><line nr="1650" mi="4" ci="0" mb="2" cb="0"/><line nr="1651" mi="3" ci="0" mb="0" cb="0"/><line nr="1653" mi="4" ci="0" mb="0" cb="0"/><line nr="1654" mi="4" ci="0" mb="0" cb="0"/><line nr="1655" mi="4" ci="0" mb="0" cb="0"/><line nr="1656" mi="4" ci="0" mb="0" cb="0"/><line nr="1661" mi="4" ci="0" mb="0" cb="0"/><line nr="1662" mi="4" ci="0" mb="0" cb="0"/><line nr="1663" mi="6" ci="0" mb="0" cb="0"/><line nr="1664" mi="4" ci="0" mb="0" cb="0"/><line nr="1665" mi="7" ci="0" mb="0" cb="0"/><line nr="1666" mi="4" ci="0" mb="0" cb="0"/><line nr="1667" mi="8" ci="0" mb="2" cb="0"/><line nr="1668" mi="5" ci="0" mb="0" cb="0"/><line nr="1669" mi="5" ci="0" mb="0" cb="0"/><line nr="1671" mi="4" ci="0" mb="0" cb="0"/><line nr="1673" mi="17" ci="0" mb="0" cb="0"/><line nr="1674" mi="8" ci="0" mb="0" cb="0"/><line nr="1675" mi="1" ci="0" mb="0" cb="0"/><line nr="1678" mi="5" ci="0" mb="0" cb="0"/><line nr="1679" mi="2" ci="0" mb="0" cb="0"/><line nr="1680" mi="4" ci="0" mb="0" cb="0"/><line nr="1681" mi="2" ci="0" mb="2" cb="0"/><line nr="1682" mi="5" ci="0" mb="0" cb="0"/><line nr="1683" mi="2" ci="0" mb="2" cb="0"/><line nr="1684" mi="4" ci="0" mb="0" cb="0"/><line nr="1685" mi="5" ci="0" mb="2" cb="0"/><line nr="1686" mi="2" ci="0" mb="0" cb="0"/><line nr="1688" mi="2" ci="0" mb="0" cb="0"/><line nr="1689" mi="3" ci="0" mb="2" cb="0"/><line nr="1690" mi="2" ci="0" mb="0" cb="0"/><line nr="1692" mi="5" ci="0" mb="2" cb="0"/><line nr="1693" mi="15" ci="0" mb="0" cb="0"/><line nr="1694" mi="6" ci="0" mb="0" cb="0"/><line nr="1695" mi="10" ci="0" mb="0" cb="0"/><line nr="1697" mi="12" ci="0" mb="0" cb="0"/><line nr="1699" mi="14" ci="0" mb="0" cb="0"/><line nr="1700" mi="6" ci="0" mb="0" cb="0"/><line nr="1701" mi="10" ci="0" mb="0" cb="0"/><line nr="1703" mi="14" ci="0" mb="0" cb="0"/><line nr="1704" mi="5" ci="0" mb="0" cb="0"/><line nr="1706" mi="3" ci="0" mb="2" cb="0"/><line nr="1709" mi="1" ci="0" mb="0" cb="0"/><line nr="1710" mi="5" ci="0" mb="0" cb="0"/><line nr="1711" mi="2" ci="0" mb="2" cb="0"/><line nr="1712" mi="5" ci="0" mb="2" cb="0"/><line nr="1713" mi="2" ci="0" mb="0" cb="0"/><line nr="1715" mi="2" ci="0" mb="0" cb="0"/><line nr="1716" mi="3" ci="0" mb="2" cb="0"/><line nr="1717" mi="2" ci="0" mb="0" cb="0"/><line nr="1720" mi="14" ci="0" mb="0" cb="0"/><line nr="1721" mi="6" ci="0" mb="0" cb="0"/><line nr="1722" mi="10" ci="0" mb="0" cb="0"/><line nr="1724" mi="5" ci="0" mb="0" cb="0"/><line nr="1725" mi="12" ci="0" mb="0" cb="0"/><line nr="1726" mi="1" ci="0" mb="0" cb="0"/><line nr="1727" mi="5" ci="0" mb="0" cb="0"/><line nr="1728" mi="2" ci="0" mb="2" cb="0"/><line nr="1729" mi="5" ci="0" mb="2" cb="0"/><line nr="1730" mi="2" ci="0" mb="0" cb="0"/><line nr="1732" mi="2" ci="0" mb="0" cb="0"/><line nr="1733" mi="3" ci="0" mb="2" cb="0"/><line nr="1734" mi="2" ci="0" mb="0" cb="0"/><line nr="1736" mi="14" ci="0" mb="0" cb="0"/><line nr="1737" mi="6" ci="0" mb="0" cb="0"/><line nr="1738" mi="10" ci="0" mb="0" cb="0"/><line nr="1740" mi="5" ci="0" mb="0" cb="0"/><line nr="1741" mi="6" ci="0" mb="0" cb="0"/><line nr="1742" mi="12" ci="0" mb="0" cb="0"/><line nr="1743" mi="1" ci="0" mb="0" cb="0"/><line nr="1744" mi="5" ci="0" mb="0" cb="0"/><line nr="1745" mi="5" ci="0" mb="2" cb="0"/><line nr="1746" mi="2" ci="0" mb="0" cb="0"/><line nr="1748" mi="2" ci="0" mb="0" cb="0"/><line nr="1749" mi="3" ci="0" mb="2" cb="0"/><line nr="1750" mi="2" ci="0" mb="0" cb="0"/><line nr="1753" mi="14" ci="0" mb="0" cb="0"/><line nr="1754" mi="6" ci="0" mb="0" cb="0"/><line nr="1755" mi="10" ci="0" mb="0" cb="0"/><line nr="1757" mi="12" ci="0" mb="0" cb="0"/><line nr="1761" mi="4" ci="0" mb="0" cb="0"/><line nr="1762" mi="1" ci="0" mb="0" cb="0"/><line nr="1763" mi="4" ci="0" mb="0" cb="0"/><line nr="1766" mi="1" ci="0" mb="0" cb="0"/><line nr="1769" mi="4" ci="0" mb="0" cb="0"/><line nr="1770" mi="6" ci="0" mb="0" cb="0"/><line nr="1771" mi="4" ci="0" mb="0" cb="0"/><line nr="1772" mi="7" ci="0" mb="0" cb="0"/><line nr="1773" mi="4" ci="0" mb="0" cb="0"/><line nr="1774" mi="8" ci="0" mb="2" cb="0"/><line nr="1775" mi="5" ci="0" mb="0" cb="0"/><line nr="1776" mi="5" ci="0" mb="0" cb="0"/><line nr="1778" mi="4" ci="0" mb="0" cb="0"/><line nr="1780" mi="17" ci="0" mb="0" cb="0"/><line nr="1781" mi="8" ci="0" mb="0" cb="0"/><line nr="1782" mi="1" ci="0" mb="0" cb="0"/><line nr="1785" mi="5" ci="0" mb="0" cb="0"/><line nr="1786" mi="5" ci="0" mb="0" cb="0"/><line nr="1787" mi="2" ci="0" mb="2" cb="0"/><line nr="1788" mi="3" ci="0" mb="2" cb="0"/><line nr="1790" mi="6" ci="0" mb="0" cb="0"/><line nr="1791" mi="1" ci="0" mb="0" cb="0"/><line nr="1792" mi="7" ci="0" mb="0" cb="0"/><line nr="1793" mi="2" ci="0" mb="0" cb="0"/><line nr="1795" mi="4" ci="0" mb="0" cb="0"/><line nr="1798" mi="1" ci="0" mb="0" cb="0"/><line nr="1801" mi="4" ci="0" mb="0" cb="0"/><line nr="1802" mi="4" ci="0" mb="0" cb="0"/><line nr="1803" mi="8" ci="0" mb="2" cb="0"/><line nr="1804" mi="4" ci="0" mb="0" cb="0"/><line nr="1805" mi="4" ci="0" mb="0" cb="0"/><line nr="1806" mi="4" ci="0" mb="0" cb="0"/><line nr="1807" mi="4" ci="0" mb="0" cb="0"/><line nr="1808" mi="1" ci="0" mb="0" cb="0"/><line nr="1811" mi="2" ci="0" mb="0" cb="0"/><line nr="1813" mi="13" ci="0" mb="0" cb="0"/><line nr="1814" mi="1" ci="0" mb="0" cb="0"/><line nr="1815" mi="3" ci="0" mb="0" cb="0"/><line nr="1816" mi="1" ci="0" mb="0" cb="0"/><line nr="1817" mi="2" ci="0" mb="0" cb="0"/><line nr="1821" mi="2" ci="0" mb="0" cb="0"/><line nr="1823" mi="10" ci="0" mb="0" cb="0"/><line nr="1824" mi="1" ci="0" mb="0" cb="0"/><line nr="1825" mi="3" ci="0" mb="0" cb="0"/><line nr="1826" mi="1" ci="0" mb="0" cb="0"/><line nr="1827" mi="2" ci="0" mb="0" cb="0"/><line nr="1831" mi="3" ci="0" mb="0" cb="0"/><line nr="1832" mi="5" ci="0" mb="0" cb="0"/><line nr="1835" mi="2" ci="0" mb="0" cb="0"/><line nr="1836" mi="2" ci="0" mb="2" cb="0"/><line nr="1837" mi="2" ci="0" mb="0" cb="0"/><line nr="1838" mi="5" ci="0" mb="2" cb="0"/><line nr="1839" mi="2" ci="0" mb="0" cb="0"/><line nr="1841" mi="12" ci="0" mb="0" cb="0"/><line nr="1843" mi="6" ci="0" mb="0" cb="0"/><line nr="1844" mi="16" ci="0" mb="0" cb="0"/><line nr="1847" mi="5" ci="0" mb="0" cb="0"/><line nr="1848" mi="2" ci="0" mb="2" cb="0"/><line nr="1849" mi="2" ci="0" mb="0" cb="0"/><line nr="1850" mi="5" ci="0" mb="2" cb="0"/><line nr="1851" mi="2" ci="0" mb="0" cb="0"/><line nr="1853" mi="12" ci="0" mb="0" cb="0"/><line nr="1855" mi="11" ci="0" mb="0" cb="0"/><line nr="1856" mi="16" ci="0" mb="0" cb="0"/><line nr="1859" mi="5" ci="0" mb="0" cb="0"/><line nr="1860" mi="2" ci="0" mb="2" cb="0"/><line nr="1861" mi="2" ci="0" mb="0" cb="0"/><line nr="1862" mi="5" ci="0" mb="2" cb="0"/><line nr="1863" mi="2" ci="0" mb="0" cb="0"/><line nr="1865" mi="12" ci="0" mb="0" cb="0"/><line nr="1867" mi="12" ci="0" mb="0" cb="0"/><line nr="1868" mi="5" ci="0" mb="0" cb="0"/><line nr="1869" mi="16" ci="0" mb="0" cb="0"/><line nr="1872" mi="5" ci="0" mb="0" cb="0"/><line nr="1873" mi="2" ci="0" mb="0" cb="0"/><line nr="1874" mi="5" ci="0" mb="2" cb="0"/><line nr="1875" mi="2" ci="0" mb="0" cb="0"/><line nr="1877" mi="12" ci="0" mb="0" cb="0"/><line nr="1878" mi="5" ci="0" mb="0" cb="0"/><line nr="1879" mi="6" ci="0" mb="0" cb="0"/><line nr="1880" mi="15" ci="0" mb="0" cb="0"/><line nr="1885" mi="11" ci="0" mb="0" cb="0"/><line nr="1887" mi="2" ci="0" mb="0" cb="0"/><line nr="1888" mi="2" ci="0" mb="0" cb="0"/><line nr="1890" mi="4" ci="0" mb="0" cb="0"/><line nr="1891" mi="5" ci="0" mb="0" cb="0"/><line nr="1892" mi="5" ci="0" mb="0" cb="0"/><line nr="1893" mi="5" ci="0" mb="0" cb="0"/><line nr="1894" mi="5" ci="0" mb="0" cb="0"/><line nr="1895" mi="5" ci="0" mb="0" cb="0"/><line nr="1897" mi="7" ci="0" mb="0" cb="0"/><line nr="1898" mi="6" ci="0" mb="0" cb="0"/><line nr="1901" mi="6" ci="0" mb="0" cb="0"/><line nr="1907" mi="5" ci="0" mb="0" cb="0"/><line nr="1908" mi="6" ci="0" mb="0" cb="0"/><line nr="1909" mi="4" ci="0" mb="0" cb="0"/><line nr="1910" mi="3" ci="0" mb="0" cb="0"/><line nr="1911" mi="3" ci="0" mb="0" cb="0"/><line nr="1912" mi="3" ci="0" mb="0" cb="0"/><line nr="1914" mi="2" ci="0" mb="0" cb="0"/><line nr="1916" mi="3" ci="0" mb="0" cb="0"/><line nr="1918" mi="1" ci="0" mb="0" cb="0"/><line nr="1919" mi="5" ci="0" mb="0" cb="0"/><line nr="1920" mi="1" ci="0" mb="0" cb="0"/><line nr="1921" mi="1" ci="0" mb="0" cb="0"/><line nr="1924" mi="10" ci="0" mb="0" cb="0"/><line nr="1925" mi="8" ci="0" mb="0" cb="0"/><line nr="1926" mi="4" ci="0" mb="0" cb="0"/><line nr="1928" mi="15" ci="0" mb="0" cb="0"/><line nr="1931" mi="5" ci="0" mb="0" cb="0"/><line nr="1932" mi="5" ci="0" mb="0" cb="0"/><line nr="1933" mi="1" ci="0" mb="0" cb="0"/><line nr="1935" mi="4" ci="0" mb="0" cb="0"/><line nr="1936" mi="6" ci="0" mb="0" cb="0"/><line nr="1937" mi="3" ci="0" mb="0" cb="0"/><line nr="1938" mi="2" ci="0" mb="0" cb="0"/><line nr="1939" mi="1" ci="0" mb="0" cb="0"/><line nr="1941" mi="1" ci="0" mb="0" cb="0"/><line nr="1942" mi="1" ci="0" mb="0" cb="0"/><line nr="1945" mi="3" ci="0" mb="0" cb="0"/><line nr="1946" mi="5" ci="0" mb="0" cb="0"/><line nr="1948" mi="2" ci="0" mb="0" cb="0"/><line nr="1949" mi="2" ci="0" mb="2" cb="0"/><line nr="1950" mi="5" ci="0" mb="2" cb="0"/><line nr="1951" mi="2" ci="0" mb="0" cb="0"/><line nr="1953" mi="12" ci="0" mb="0" cb="0"/><line nr="1955" mi="6" ci="0" mb="0" cb="0"/><line nr="1956" mi="16" ci="0" mb="0" cb="0"/><line nr="1959" mi="5" ci="0" mb="0" cb="0"/><line nr="1960" mi="2" ci="0" mb="2" cb="0"/><line nr="1961" mi="5" ci="0" mb="2" cb="0"/><line nr="1962" mi="2" ci="0" mb="0" cb="0"/><line nr="1964" mi="12" ci="0" mb="0" cb="0"/><line nr="1966" mi="11" ci="0" mb="0" cb="0"/><line nr="1967" mi="16" ci="0" mb="0" cb="0"/><line nr="1970" mi="5" ci="0" mb="0" cb="0"/><line nr="1971" mi="2" ci="0" mb="2" cb="0"/><line nr="1972" mi="5" ci="0" mb="2" cb="0"/><line nr="1973" mi="2" ci="0" mb="0" cb="0"/><line nr="1975" mi="12" ci="0" mb="0" cb="0"/><line nr="1977" mi="12" ci="0" mb="0" cb="0"/><line nr="1978" mi="5" ci="0" mb="0" cb="0"/><line nr="1979" mi="16" ci="0" mb="0" cb="0"/><line nr="1982" mi="5" ci="0" mb="2" cb="0"/><line nr="1983" mi="2" ci="0" mb="0" cb="0"/><line nr="1985" mi="5" ci="0" mb="0" cb="0"/><line nr="1986" mi="12" ci="0" mb="0" cb="0"/><line nr="1987" mi="5" ci="0" mb="0" cb="0"/><line nr="1988" mi="6" ci="0" mb="0" cb="0"/><line nr="1989" mi="15" ci="0" mb="0" cb="0"/><line nr="1994" mi="2" ci="0" mb="0" cb="0"/><line nr="1995" mi="5" ci="0" mb="0" cb="0"/><line nr="1996" mi="1" ci="0" mb="0" cb="0"/><counter type="INSTRUCTION" missed="7265" covered="0"/><counter type="BRANCH" missed="190" covered="0"/><counter type="LINE" missed="1515" covered="0"/><counter type="COMPLEXITY" missed="199" covered="0"/><counter type="METHOD" missed="104" covered="0"/><counter type="CLASS" missed="30" covered="0"/></sourcefile><counter type="INSTRUCTION" missed="7444" covered="0"/><counter type="BRANCH" missed="192" covered="0"/><counter type="LINE" missed="1565" covered="0"/><counter type="COMPLEXITY" missed="206" covered="0"/><counter type="METHOD" missed="110" covered="0"/><counter type="CLASS" missed="32" covered="0"/></package><counter type="INSTRUCTION" missed="7461" covered="1701"/><counter type="BRANCH" missed="192" covered="146"/><counter type="LINE" missed="1570" covered="446"/><counter type="COMPLEXITY" missed="209" covered="224"/><counter type="METHOD" missed="113" covered="151"/><counter type="CLASS" missed="34" covered="9"/></report>